32
0.011136
0.011136
0.010912
0.011392
0.011104
0.12592
0.01088
0.01088
0.010944
0.01088
 
64
0.153792
0.030304
0.029952
0.150464
0.030016
0.030048
0.151776
0.146816
0.030208
0.150112
 
128
0.195872
0.211072
0.197024
0.196384
0.201536
0.196352
0.196384
0.197984
0.195296
0.210592
 
256
1.51155
1.512
1.51171
1.51178
1.51206
1.51229
1.51005
1.51126
1.51072
1.51174
 
512
13.5649
13.5201
13.5548
13.5577
13.5627
13.513
13.5097
13.5626
13.5603
13.5253
 
1024
110.758
110.483
110.206
110.555
110.609
110.605
110.63
110.193
110.436
110.295
 
2048
913.75
913.811
914.226
913.446
914.343
914.385
913.963
914.565
914.248
913.538
 
