32
0.012672
0.012768
0.01264
0.0128
0.012576
0.01264
0.0128
0.012576
0.012768
0.01264
 
64
0.019776
0.019936
0.019968
0.019936
0.019936
0.019744
0.02
0.02
0.01984
0.019808
 
128
0.05584
0.054144
0.053856
0.053472
0.053824
0.053664
0.05408
0.068768
0.053152
0.05328
 
256
0.387904
0.387872
0.39024
0.388704
0.39088
0.389152
0.387584
0.386816
0.388256
0.386176
 
512
3.04077
3.04259
3.03318
3.04669
3.044
3.04544
3.04422
3.04547
3.04045
3.04314
 
1024
24.257
24.2327
24.2396
24.2492
24.2399
24.2398
24.2233
24.2364
24.2515
24.2415
 
2048
193.812
193.797
193.773
193.79
193.767
193.812
193.824
193.812
193.811
193.738
 
4096
1545.35
1545.27
1545.25
1545.47
1545.65
1544.85
1544.7
1545.18
1545.04
1544.52
 
8192
12341
12341.1
12341.5
12342.7
12341.9
12341.4
12342.1
12342.5
12340.3
12341.7
 
