32
0.055072
0.055296
0.060096
0.05456
0.058848
0.042144
0.055776
0.049152
0.048704
0.047712
 
64
0.08832
0.086592
0.09504
0.092928
0.093984
0.094368
0.0768
0.091904
0.088992
0.088736
 
128
0.222208
0.220032
0.22928
0.206464
0.213856
0.21232
0.230112
0.219712
0.217376
0.216256
 
256
0.767904
0.756416
0.758048
0.760704
0.748736
0.766144
0.750624
0.7408
0.757216
0.754208
 
512
3.00643
3.03571
2.98374
3.02867
3.01139
3.02253
2.99261
3.01366
3.01571
3.02592
 
1024
26.0216
25.8686
26.3588
26.2956
26.4279
25.9676
26.155
26.2609
26.4878
26.1244
 
2048
219.896
220.048
219.898
219.618
219.693
219.78
219.546
219.733
219.703
219.814
 
4096
1675.87
1679.61
1678.33
1677.48
1677.37
1673.13
1675.66
1677.08
1674.14
1674.83
 
8192
13387.4
13386.9
13386.1
13391.8
13392.8
13392.5
13399.1
13391.3
13395.3
13394
 
