32
0.037856
0.036288
0.036864
0.038016
0.037248
0.036704
0.03664
0.037376
0.038112
0.036576
 
64
0.109216
0.108928
0.107968
0.108096
0.109312
0.110176
0.108864
0.1096
0.108224
0.109632
 
128
0.654848
0.654016
0.656256
0.656608
0.655328
0.656032
0.655808
0.655744
0.65504
0.65536
 
256
4.99066
4.99018
4.98982
4.98739
4.9881
4.98742
4.98947
4.98906
4.98928
4.98867
 
512
48.0368
48.1264
48.0391
48.1381
48.0556
48.1213
48.1243
48.0422
48.0393
48.11
 
1024
368.827
368.792
369.814
369.431
368.589
369.284
368.121
368.952
368.888
368.415
 
2048
2899.49
2902
2889.02
2897.73
2899.85
2895.85
2889.46
2894.95
2894.9
2887.43
 
4096
23273.5
23574.6
23801
23834.9
23911.6
24025.3
24029
24066.4
23968.8
23962.8
 
8192
194989
195147
195377
194185
195383
194992
195575
195854
195668
195681
 
