32
0.040224
0.043616
0.05024
0.053088
0.053312
0.041376
0.053408
0.052992
0.053664
0.051968
 
64
0.052704
0.05712
0.061152
0.06112
0.056352
0.053888
0.056352
0.058752
0.058336
0.05872
 
128
0.102496
0.09472
0.10064
0.093472
0.10016
0.102368
0.093888
0.090464
0.081856
0.095744
 
256
0.3512
0.342592
0.353088
0.330272
0.348192
0.359936
0.356864
0.346016
0.35632
0.325056
 
512
2.53389
2.51578
2.52093
2.53267
2.52499
2.51888
2.5313
2.52698
2.54371
2.53306
 
1024
22.446
22.6548
22.9414
22.7345
22.1983
22.1822
22.3473
22.3415
22.7328
22.6929
 
2048
199.639
199.465
199.428
199.506
199.87
199.263
199.977
199.42
199.565
199.496
 
4096
1566.53
1564.47
1567.13
1565.25
1566.93
1566.27
1566.11
1567.22
1566.18
1566.05
 
8192
12746.4
12743.7
12744.8
12747
12744.4
12751.2
12748.8
12746.3
12745.4
12750.5
 
