32
0.043584
0.053408
0.053248
0.05344
0.0488
0.042272
0.051968
0.052384
0.048448
0.034624
 
64
0.065408
0.065376
0.06112
0.062112
0.055136
0.06704
0.057216
0.053216
0.061184
0.077248
 
128
0.185216
0.185056
0.181632
0.189248
0.19376
0.189664
0.18576
0.19104
0.190208
0.19328
 
256
1.188
1.18403
1.1871
1.21414
1.20486
1.20371
1.20426
1.2071
1.20016
1.18861
 
512
11.9007
11.8691
11.913
11.8609
11.8662
11.9085
11.9259
11.9102
11.8632
11.9173
 
1024
96.374
96.4146
96.4981
96.5659
96.5937
96.4282
96.5748
96.6036
96.6115
96.6044
 
2048
805.308
806.138
804.875
805.21
807.543
799.11
806.966
804.81
806.725
805.843
 
4096
6363.66
6365.05
6365.1
6363.33
6366.17
6357.3
6358.55
6359.4
6359.67
6360.65
 
8192
51041
51358.7
51569.9
51688.4
51787.3
51873.1
51919
51849.4
51917.1
52016.7
 
