32
0.04544
0.046528
0.051232
0.049152
0.047104
0.052256
0.063552
0.051776
0.042752
0.052224
 
64
0.085632
0.085024
0.086528
0.081952
0.07584
0.08688
0.083264
0.084736
0.092384
0.076288
 
128
0.336928
0.344576
0.331296
0.3352
0.327872
0.336928
0.333952
0.33584
0.334784
0.329312
 
256
2.34477
2.3432
2.34125
2.35318
2.3471
2.33728
2.36208
2.33075
2.32682
2.34384
 
512
24.0025
24.0117
24.0028
24.0537
24.0736
24.0837
24.071
24.0708
24.0845
24.0063
 
1024
198.143
202.765
203.464
203.703
204.211
204.009
203.455
201.823
202.362
199.915
 
2048
1588.93
1588.51
1587.68
1588.43
1589.27
1588.57
1588.35
1589.84
1588.3
1588.81
 
4096
12628.3
12631.1
12627.7
12631.2
12632.5
12631
12619.5
12621.5
12631.5
12631.5
 
8192
102500
103234
103875
103818
103792
104256
103707
103612
104004
104596
 
