32
0.055648
0.056096
0.044512
0.050976
0.047424
0.044416
0.049984
0.045728
0.056576
0.050176
 
64
0.058336
0.06496
0.055456
0.05744
0.063552
0.055968
0.063968
0.062432
0.142976
0.065984
 
128
0.136352
0.139008
0.134656
0.135168
0.139808
0.124832
0.136416
0.138368
0.136128
0.139584
 
256
0.714208
0.711008
0.708384
0.714592
0.711136
0.717472
0.718048
0.711456
0.706112
0.705632
 
512
5.40586
5.3928
5.40653
5.41277
5.40022
5.39434
5.41203
5.43789
5.39981
5.41853
 
1024
42.5841
42.5912
42.5943
42.5769
42.593
42.6052
42.5924
42.5926
42.5891
42.5878
 
2048
329.59
330.544
330.251
330.174
331.459
329.743
330.236
330.588
330.645
331.248
 
4096
2491.54
2494.41
2496.8
2498.62
2496.92
2487.48
2496.34
2499.61
2494.66
2497.21
 
8192
19865.9
19867.4
19865.9
19864.6
19858.2
19859.1
19865.2
19858.2
19862
19869.4
 
