32
0.061632
0.06432
0.0496
0.067872
0.047584
0.05056
0.05456
0.067136
0.04528
0.061984
 
64
0.147712
0.148768
0.145792
0.138048
0.148672
0.135872
0.143392
0.154144
0.139648
0.139488
 
128
0.82048
0.82704
0.81536
0.811104
0.815328
0.82016
0.820032
0.82544
0.820992
0.817216
 
256
6.12787
6.1088
6.1433
6.0928
6.10797
6.12166
6.11597
6.11104
6.11718
6.13328
 
512
59.8568
59.8788
59.5608
59.8148
59.5549
59.9422
59.8029
59.5697
59.7342
59.7907
 
1024
457.566
461.665
461.307
462.837
462.061
461.557
461.412
462.135
461.497
462.193
 
2048
3559.58
3560.88
3561.34
3558.56
3561.45
3561.04
3562.52
3559.57
3555.65
3557.16
 
4096
28437.7
28440.3
28465.2
28690.2
28876.8
28983.5
29087.2
29123.9
29141.1
29084.1
 
8192
238733
238701
240472
237274
238981
240469
241723
238993
241341
240284
 
