32
0.0496
0.056064
0.050144
0.091136
0.059808
0.051808
0.053152
0.04848
0.056064
0.05952
 
64
0.195584
0.165664
0.1776
985.163
0.189312
0.18736
0.167232
0.230176
0.2176
0.186336
 
128
1.13837
1.17674
1.22576
1.16285
1.14131
1073.25
1.17139
1.26842
1.15837
1.16278
 
256
9.21066
9.20925
9.20909
9.2121
9.20874
9.21008
9.21091
9.21219
9.20874
9.21101
 
512
95.0401
95.0574
95.0969
95.0846
95.0592
95.1344
95.0881
95.1541
95.0676
95.0794
 
1024
760.611
760.567
760.336
760.94
760.81
760.815
760.731
760.699
760.43
760.391
 
2048
6105.98
6107.48
6106.82
6107.37
6105.82
6105.51
6106.78
6106.29
6106.99
6106.64
 
4096
48596.2
47960.9
47857
48071.6
47876.2
47870.5
47774.4
47995.5
48240.8
47857.9
 
8192
374649
375066
377285
375145
376223
376292
376370
376609
376365
376600
 
