32
0.041984
0.049696
0.052224
0.06496
0.045184
0.052992
0.033568
0.051712
0.047136
0.04368
 
64
0.054592
0.054688
0.04896
0.057504
0.043232
0.047136
0.058144
0.055232
0.055936
0.057984
 
128
0.09312
0.088512
0.09712
0.093152
0.091616
0.090016
0.109248
0.096032
0.09376
0.0944
 
256
0.390176
0.390208
0.387136
0.387008
0.380896
0.385984
0.366848
0.374816
0.377728
0.388736
 
512
3.12813
3.13968
3.12288
3.12096
3.10304
3.12829
3.12691
3.12653
3.13331
3.11821
 
1024
24.8126
24.805
24.8199
24.8163
24.8179
24.8066
24.8257
24.8287
24.8321
24.8063
 
2048
254.867
248.384
248.234
257.533
260.444
240.976
243.017
215.439
254.318
252.783
 
4096
2059.05
2056.51
2053.39
2055.46
2059.61
2052.61
2053.68
2057.58
2056.58
2056.8
 
8192
16624.5
16617.5
16619.8
16612.6
16608.3
16618.6
16617
16612.8
16601.5
16610.4
 
