32
0.02896
0.028128
0.031776
0.030112
0.03008
0.029664
0.028352
0.02912
0.03104
0.03216
 
64
0.038496
0.039136
0.03936
0.041856
0.038368
0.041952
0.040128
0.039776
0.039136
0.03856
 
128
0.112288
0.112864
0.112608
0.113696
0.113856
0.113088
0.112704
0.111808
0.1144
0.11232
 
256
0.670432
0.669984
0.668672
0.671104
0.668832
0.669184
0.669984
0.670752
0.668896
0.670592
 
512
5.22688
5.2184
5.23034
5.19203
5.22598
5.25802
5.23222
5.19805
5.23254
5.21987
 
1024
40.6802
40.6647
40.661
40.6648
40.6654
40.65
40.6578
40.6588
40.6555
40.6572
 
2048
309.257
307.653
309.026
309.729
308.56
308.91
307.025
308.244
310.211
309.403
 
4096
2384.93
2384.4
2385.3
2383.07
2383.73
2383.75
2385.28
2384.53
2382.43
2385.01
 
8192
19171
19168.9
19163.1
19168.5
19162.1
19163.7
19166.4
19195.2
19221.5
19231.4
 
