32
0.031328
0.050368
0.048288
0.050272
0.04992
0.046208
0.05056
0.04384
0.044
0.050624
 
64
0.050752
0.051552
0.049536
0.054816
0.05088
0.053888
0.050624
0.05392
0.046368
0.054816
 
128
0.095872
0.08672
0.099072
0.100832
0.098752
0.084
0.095104
0.09408
0.103264
0.099232
 
256
0.457952
0.452096
0.4592
0.456128
0.439232
0.463904
0.44048
0.4536
0.465344
0.45872
 
512
3.40048
3.40474
3.40333
3.40691
3.4056
3.40602
3.424
3.40189
3.40086
3.45162
 
1024
26.7306
26.6781
26.6582
26.6642
26.7508
26.574
26.5084
26.7346
26.6364
26.5046
 
2048
206.673
206.605
206.595
206.926
204.106
206.724
206.599
206.644
206.564
206.508
 
4096
1528.9
1529.28
1530.99
1530.06
1531.42
1531.59
1524.32
1530.29
1530.26
1529.28
 
8192
12135.9
12140.5
12132.4
12143.1
12147.9
12139.5
12141.7
12146.2
12130.3
12140.5
 
