32
0.154336
0.161856
0.162272
0.154112
0.15744
0.16128
0.155232
0.137632
0.140096
0.147328
 
64
1.98739
1.98496
1.98275
1.98861
1.97494
1.98218
1.99382
1.98637
1.98627
1.9737
 
128
29.9336
29.9241
29.9313
29.9218
29.9232
29.9221
29.9312
29.9291
29.9206
29.9313
 
256
439.177
450.404
451.804
443.915
451.164
451.47
447.235
452.191
442.222
439.144
 
512
7622.37
7624.74
7632.75
7631.21
7679.4
7734.21
7810.11
7871.33
7919.36
7961.67
 
1024
129019
129247
129271
129281
129279
129293
129277
129309
129302
129282
 
2048
2.06719e+06
2.06721e+06
