32
0.058368
0.078944
0.0512
0.058656
0.054848
0.050368
0.067232
0.047552
0.05056
0.0552
 
64
0.122208
0.114784
0.12192
0.117088
0.11568
0.123136
0.116416
0.121216
0.124864
0.122688
 
128
0.619488
0.62064
0.608416
0.60096
0.619776
0.616096
0.612416
0.617824
0.6128
0.615936
 
256
4.6361
4.61005
4.64138
4.61898
4.63853
4.63427
4.62387
4.6239
4.6143
4.64746
 
512
48.4018
48.5308
48.5134
48.4239
48.4874
48.44
48.5219
48.5106
48.4246
48.4372
 
1024
378.652
379.528
380.145
380.385
379.048
376.281
379.381
379.02
377.987
372.707
 
2048
2948.95
2949.17
2948.12
2949.8
2948.6
2941.86
2940.18
2946.17
2941.79
2942.25
 
4096
23568.7
23661.9
23764.4
23839.7
23925.5
23855.2
23865.9
23888.9
23974.8
23883.3
 
8192
194945
196290
196271
195088
194717
194686
194630
194607
195638
195706
 
