32
0.046912
0.046688
0.05024
0.04352
0.054912
0.045856
0.054912
0.036992
0.050432
0.047072
 
64
0.077664
0.071392
0.080672
0.072064
0.071968
0.064544
0.068704
0.061248
0.070592
0.065376
 
128
0.123968
0.130944
0.138976
0.137856
0.133088
0.131264
0.134688
0.115584
0.132224
0.134752
 
256
0.36912
0.36288
0.365216
0.367648
0.358336
0.374912
0.36592
0.372544
0.366368
0.347232
 
512
2.59018
2.58413
2.59725
2.61011
2.61334
2.59043
2.58234
2.63046
2.58035
2.58797
 
1024
23.221
22.9996
22.9973
22.8989
22.9715
22.9717
22.815
23.0708
23.0979
22.8328
 
2048
199.739
199.915
198.959
199.653
199.384
198.76
199.914
198.877
199.383
200.189
 
4096
1662.34
1661.5
1667.05
1665.91
1669.19
1667.43
1670.23
1665.36
1671.69
1666.5
 
8192
13318
13300.9
13317.3
13319.7
13314.3
13320.9
13336.5
13336
13321.1
13310.7
 
