32
0.057248
0.068192
0.055552
0.059552
0.053216
0.057056
0.051488
0.059648
0.050624
0.056064
 
64
0.07456
0.057216
0.077792
0.057088
0.057632
0.062048
0.077088
0.062944
0.078464
0.066656
 
128
0.231168
0.232544
0.23456
0.231072
0.230208
0.224064
0.225312
0.232096
0.242912
0.22928
 
256
1.49866
1.49014
1.50458
1.49629
1.49136
1.49734
1.49958
1.48403
1.4968
1.49952
 
512
13.0279
12.9656
12.9571
12.9608
12.9533
12.9673
12.96
12.9569
12.9556
12.9779
 
1024
103.321
103.251
103.293
103.306
103.268
103.338
103.283
103.309
103.217
103.34
 
2048
788.606
788.378
787.464
789.072
786.805
786.659
778.901
788.506
787.769
778.803
 
4096
6198.31
6198.52
6196.84
6195.57
6198.65
6199.3
6194.49
6194.47
6198.63
6200.87
 
8192
49749.1
50376.8
50636.5
50931.7
51016.6
51150.6
51149.7
51200.1
51211.6
51046.9
 
