32
0.010464
0.010496
0.010432
0.010464
0.010464
0.010464
0.010624
0.010848
0.010496
0.010688
 
64
0.017632
0.132672
0.149248
0.135584
0.017856
0.148256
0.0176
0.142208
0.143392
0.018016
 
128
0.091328
0.090848
0.091008
0.090848
0.09104
0.10512
0.1064
0.091072
0.09104
0.10608
 
256
0.673344
0.67232
0.672672
0.671168
0.672256
0.672096
0.674656
0.67424
0.672896
0.671936
 
512
5.23318
5.22246
5.24998
5.26778
5.2463
5.21968
5.21981
5.20371
5.22387
5.2415
 
1024
40.6647
40.6668
40.6742
40.6721
40.6631
40.6513
40.6578
40.6636
40.6676
40.6513
 
2048
325.295
325.295
325.311
325.275
324.88
325.347
325.361
325.44
325.252
324.919
 
