32
0.036672
0.053856
0.036
0.050528
0.05216
0.05264
0.050496
0.05184
0.047616
0.052032
 
64
0.057472
0.05696
0.050272
0.057664
0.052928
0.057408
0.05616
0.05776
0.047392
0.051744
 
128
0.088
0.07072
0.087584
0.079328
0.07152
0.079296
0.083872
0.087072
0.08016
0.087072
 
256
0.338464
0.340256
0.323104
0.314272
0.38608
0.318944
0.331392
0.361664
0.338976
0.337312
 
512
2.77811
2.80938
2.78822
2.78093
2.7809
2.78621
2.77709
2.7784
2.7895
2.78547
 
1024
21.8296
21.818
21.8204
21.8216
21.8363
21.8142
21.8408
21.8211
21.8258
21.8185
 
2048
174.132
174.227
174.218
174.233
174.149
174.228
174.21
174.233
174.211
174.215
 
4096
1304.13
1305.04
1303.5
1300.12
1302.41
1303.51
1305.06
1302.41
1303.43
1305.14
 
8192
10389.8
10382.4
10388.5
10382.2
10391.2
10381.7
10388.7
10393.6
10386.8
10389
 
