32
0.032192
0.03056
0.032512
0.030784
0.031104
0.030944
0.031232
0.031392
0.032288
0.03104
 
64
0.038208
0.03952
0.037248
0.054016
0.037632
0.039104
0.037408
0.037056
0.037568
0.040032
 
128
0.08928
0.089856
0.090432
0.0912
0.089344
0.08992
0.090848
0.089664
0.089888
0.089088
 
256
0.496064
0.496576
0.49712
0.49568
0.495776
0.49696
0.495776
0.497312
0.497728
0.497504
 
512
3.9152
3.91818
3.91619
3.91606
3.91661
3.9256
3.91549
3.92186
3.91616
3.92928
 
1024
31.1674
31.1669
31.1522
31.1527
31.1345
31.1211
31.1555
31.133
31.1541
31.1446
 
2048
238.948
238.524
239.625
239.402
240.193
240.671
240.432
239.17
239.118
240.054
 
4096
1835.51
1835.41
1836.02
1836.05
1835.18
1834.23
1835.84
1835.73
1835.57
1835.06
 
8192
14580.8
14583
14587.3
14584.3
14581.1
14580.6
14585.9
14585.5
14582.7
14587.1
 
