32
0.012672
0.01264
0.1288
0.012672
0.012608
0.133984
0.136864
0.012608
0.0128
0.012672
 
64
0.02
0.019872
0.019808
0.01984
0.13824
0.020032
0.019936
0.019808
0.146944
0.020064
 
128
0.0536
0.07024
0.0536
0.055296
0.0536
0.054816
0.054464
0.05376
0.061344
0.069472
 
256
0.38672
0.388928
0.387296
0.387392
0.389472
0.387488
0.392288
0.388608
0.387392
0.389248
 
512
3.04509
3.05018
3.04554
3.04189
3.04464
3.05318
3.04381
3.04019
3.03942
3.03878
 
1024
24.249
24.2517
24.2302
24.2429
24.2595
24.2276
24.2375
24.2422
24.236
24.2525
 
2048
193.714
193.782
193.788
193.832
193.715
193.802
193.784
193.732
193.784
193.822
 
