32
0.047552
0.047552
0.0456
0.047712
0.052
0.046048
0.050848
0.052128
0.047072
0.050848
 
64
0.052928
0.053344
0.056896
0.058304
0.056992
0.056032
0.045248
0.058464
0.054048
0.052256
 
128
0.124576
0.113152
0.105504
0.11904
0.124224
0.12384
0.110848
0.123616
0.115168
0.122624
 
256
0.62672
0.617376
0.629888
0.631584
0.625088
0.630688
0.622784
0.627456
0.623392
0.627616
 
512
6.02349
6.0055
6.00477
5.99296
6.00074
6.02486
6.00432
6.00336
6.0303
5.99293
 
1024
48.262
48.2973
48.2657
48.306
48.2722
48.3061
48.4235
48.4636
48.2787
48.2929
 
2048
393.209
394.354
394.243
393.972
393.22
389.937
394.752
393.959
393.932
394.338
 
4096
3233.47
3241.33
3235.67
3240.08
3237.81
3235.14
3235.34
3237.77
3234.61
3237.7
 
8192
25907.1
25935.1
25917.9
25941.4
25935.6
25907.2
25944.3
25939.8
25905.7
25912.8
 
