32
0.007264
0.007264
0.007424
0.128672
0.007232
0.007296
0.007232
0.007264
0.128896
0.007488
 
64
0.010464
0.010752
0.010432
0.14304
0.010464
0.140096
0.010592
0.135392
0.138432
0.01072
 
128
0.040864
0.040032
0.040864
0.056096
0.04032
0.042304
0.040256
0.040448
0.040192
0.040416
 
256
0.266336
0.265888
0.266208
0.266208
0.266656
0.266432
0.266112
0.266592
0.266944
0.264672
 
512
2.10518
2.09699
2.09706
2.09904
2.0993
2.09958
2.0992
2.09971
2.0999
2.09798
 
1024
16.7204
16.7124
16.7195
16.7135
16.711
16.7189
16.7208
16.7196
16.7199
16.7103
 
2048
134.127
134.123
134.135
134.139
134.133
134.135
134.152
134.129
134.108
134.112
 
