32
0.03616
0.036832
0.040064
0.03936
0.039584
0.040992
0.038528
0.04096
0.041248
0.041056
 
64
0.131968
0.130912
0.133152
0.131712
0.132448
0.13056
0.132192
0.131264
0.132896
0.133248
 
128
0.852608
0.852928
0.851488
0.85056
0.852768
0.851424
0.851744
0.851424
0.853184
0.852224
 
256
6.49978
6.49946
6.49878
6.49965
6.49808
6.50067
6.5001
6.49942
6.5001
6.49984
 
512
62.2864
62.2838
62.278
62.297
62.2958
62.2848
62.304
62.301
62.2852
62.2831
 
1024
475.882
475.384
474.83
474.009
475.57
474.412
474.65
474.764
474.673
473.919
 
2048
3743.78
3743.3
3743.76
3745.34
3743.98
3742.66
3743.2
3742.42
3743.26
3743.18
 
4096
30419.1
30817.9
31048.3
31059.8
31065.5
31091.3
31181
31154.4
31159.6
31198.2
 
8192
251841
252453
252582
252676
252600
252495
252309
252452
252917
252803
 
