32
0.007328
0.00736
0.13184
0.007584
0.131488
0.011808
0.00736
0.130016
0.007392
0.007392
 
64
0.010784
0.00928
0.00928
0.00928
0.011904
0.009312
0.009344
0.00928
0.009312
0.00928
 
128
0.020352
0.021536
0.025056
0.020448
0.02048
0.020384
0.020992
0.020768
0.020416
0.041248
 
256
0.125152
0.125536
0.124384
0.124288
0.125088
0.124992
0.12432
0.124256
0.125472
0.124992
 
512
0.942528
0.942976
0.949312
0.942528
0.941056
0.94768
0.939648
0.941088
0.942624
0.948
 
1024
7.43629
7.41696
7.40624
7.43606
7.39546
7.43395
7.41034
7.42928
7.4239
7.40362
 
2048
59.3239
59.336
59.4112
59.3579
59.4604
59.3478
59.2342
59.4077
59.3522
59.3292
 
4096
478.75
479.06
479.096
479.05
478.62
478.854
479.539
479.542
480.242
479.101
 
8192
3874.8
3873.12
3874.32
3872.14
3871.44
3876.67
3881.21
3872.01
3873.61
3873.43
 
