32
0.00912
0.009152
0.009216
0.009152
0.164352
0.009216
0.009216
0.009152
0.009152
0.009184
 
64
0.023328
0.023456
0.023456
0.02352
0.02336
0.023296
0.02336
0.02368
0.023488
0.151264
 
128
0.144032
0.144096
0.159552
0.162016
0.143712
0.161216
0.148896
0.144
0.14368
0.14352
 
256
1.07821
1.07802
1.0776
1.07856
1.07741
1.0783
1.07882
1.0776
1.07757
1.07766
 
512
9.75626
9.75539
9.76134
9.76483
9.75427
9.75101
9.75978
9.75718
9.76144
9.75971
 
1024
77.9588
77.9941
77.9887
78.0132
77.958
77.9758
77.9812
78.0045
78.0329
77.9881
 
2048
632.304
632.39
632.465
632.215
632.487
632.187
632.438
632.51
632.407
632.296
 
