32
0.023488
0.02448
0.02512
0.024576
0.024224
0.026368
0.028608
0.026592
0.027232
0.027584
 
64
0.02864
0.030656
0.030144
0.029664
0.030656
0.030912
0.02976
0.028864
0.028256
0.028544
 
128
0.048864
0.04816
0.04672
0.048512
0.048416
0.04752
0.048064
0.0472
0.0488
0.047392
 
256
0.148096
0.14944
0.148832
0.148544
0.148384
0.152288
0.148768
0.14864
0.14896
0.152
 
512
1.16394
1.16285
1.16294
1.16394
1.16454
1.16314
1.16365
1.16147
1.16323
1.16371
 
1024
9.21626
9.21933
9.20909
9.21475
9.21254
9.22803
9.21808
9.21683
9.20794
9.23098
 
2048
73.7543
73.7514
73.7117
73.7264
73.7513
73.7876
73.7286
73.7199
73.7356
73.754
 
4096
559.637
558.096
559.567
558.66
558.252
557.301
558.93
558.838
558.97
558.573
 
8192
4446.11
4442.54
4446.93
4444.87
4445.78
4442.29
4444.62
4443.59
4443.3
4445.21
 
