32
0.007488
0.007456
0.007456
0.007776
0.007424
0.007424
0.007392
0.007488
0.128992
0.00752
 
64
0.01088
0.010848
0.011008
0.010816
0.010816
0.158432
0.010912
0.010848
0.010976
0.030816
 
128
0.040928
0.059808
0.057952
0.041216
537.631
0.040992
0.042848
0.04112
0.041056
0.042848
 
256
0.268512
0.267904
0.270528
0.268192
0.268128
0.27072
0.268512
0.268128
0.2704
0.26784
 
512
2.15843
2.1577
2.15616
2.15699
2.15722
2.15645
2.16432
2.15632
2.15558
2.1631
 
1024
17.1739
17.1804
17.1794
17.175
17.1796
17.1758
17.1714
17.178
17.1768
17.1792
 
2048
137.552
137.509
137.487
137.506
137.499
137.512
137.508
137.518
137.502
137.53
 
