32
0.026848
0.02752
0.029696
0.026496
0.02704
0.03152
0.028704
0.029184
0.027232
0.032768
 
64
0.046176
0.045504
0.046144
0.043904
0.044928
0.059008
0.044192
0.043008
0.043264
0.047936
 
128
0.163424
0.164768
0.163584
0.16528
0.163392
0.164736
0.165088
0.163328
0.164384
0.164128
 
256
1.09021
1.09094
1.09053
1.09165
1.09104
1.09094
1.09152
1.09021
1.09251
1.092
 
512
9.7889
9.79274
9.78365
9.78221
9.7823
9.78106
9.78954
9.78771
9.78157
9.79478
 
1024
78.4482
78.4953
78.4144
78.479
78.3803
78.5069
78.4455
78.4784
78.4249
78.4157
 
2048
596.023
596.424
597.476
597.581
596.476
597.344
596.803
597.59
597.447
596.259
 
4096
4716.12
4710.79
4709.14
4711.38
4710.91
4709.26
4709.09
4708.41
4709.18
4712.71
 
8192
38006.8
38360.5
38547.3
38621.5
38680.3
38787
38719
38652.5
38852.9
38824.4
 
