32
0.0264
0.025408
0.026752
0.02672
0.028928
0.028
0.028256
0.028288
0.027488
0.028928
 
64
0.03088
0.030144
0.030528
0.031328
0.030016
0.030656
0.03072
0.030752
0.03008
0.030272
 
128
0.019776
0.022432
0.023584
0.019744
0.019968
0.02272
0.02432
0.020704
0.02208
0.021376
 
256
0.13344
0.13344
0.13328
0.133568
0.133216
0.133312
0.13312
0.13344
0.134016
0.134336
 
512
1.0127
1.01606
0.994784
1.01302
0.985664
1.00445
1.01219
1.00109
0.993696
0.99792
 
1024
7.83949
7.8463
7.83725
7.8415
7.83155
7.83997
7.83776
7.82845
7.8439
7.88032
 
2048
63.7981
63.9614
63.7696
63.8067
63.8284
63.8363
63.9011
63.8809
63.8629
63.8341
 
4096
517.885
518.591
517.876
517.763
517.416
517.977
518.06
517.745
517.354
517.926
 
8192
4171.46
4172.11
4172.55
4174.5
4172.43
4170.49
4170.16
4172.78
4170.79
4175.04
 
