32
0.132064
0.006784
0.006496
0.006528
0.006688
0.006528
0.130464
0.006528
0.006496
0.006592
 
64
0.008864
0.147008
0.008672
0.00864
0.128352
0.008672
0.008768
0.008544
0.008672
0.008704
 
128
0.026752
0.0248
0.041632
0.024608
0.024512
0.02512
0.024672
0.02464
0.024864
0.0376
 
256
0.151584
0.150944
0.15056
0.151712
0.151744
0.150912
0.15152
0.15136
0.147808
0.151264
 
512
1.15242
1.15235
1.15139
1.1521
1.1545
1.15318
1.14646
1.15382
1.152
1.15386
 
1024
9.10816
9.0953
9.09482
9.08816
9.09933
9.1169
9.10374
9.09555
9.10045
9.09242
 
2048
72.5665
72.5731
72.5826
72.6086
72.5886
72.5693
72.5724
72.5657
72.553
72.5778
 
