32
0.040416
0.041088
0.039744
0.040096
0.041248
0.03936
0.04128
0.039232
0.039552
0.040256
 
64
0.136736
0.135968
0.137632
0.135456
0.135968
0.135648
0.137024
0.136224
0.136512
0.135104
 
128
0.886048
0.885088
0.887712
0.88672
0.886016
0.88528
0.886624
0.886112
0.885472
0.885152
 
256
6.95123
6.94986
6.94982
6.94918
6.94899
6.94864
6.95094
6.94938
6.94867
6.94925
 
512
65.4273
65.4182
65.4531
65.4365
65.4033
65.4423
65.4339
65.4133
65.4331
65.4243
 
1024
501.401
500.148
500.285
500.128
499.949
501.245
500.363
500.692
501.359
501.169
 
2048
3942.62
3942.69
3953.78
3932.51
3931.23
3953.89
3954.54
3943.09
3931.46
3930.62
 
4096
31551.4
31568
31569.4
31492.5
31492.9
31494.3
31491.3
31493.4
31590.4
31633.1
 
8192
257760
261167
262754
262904
263707
263991
264381
263042
263092
262772
 
