32
0.006592
0.145376
0.006496
0.006688
0.006496
0.006528
0.006528
0.006496
0.15024
0.006528
 
64
0.062496
0.135296
0.00864
0.00864
0.008704
0.008768
0.008704
0.15232
0.008576
0.00864
 
128
0.025344
0.025408
0.026656
0.02448
0.024832
0.028672
0.02512
0.024864
0.024928
0.025792
 
256
0.151552
0.15104
0.151072
0.151136
0.151296
0.151136
0.147776
0.150272
0.151328
0.151296
 
512
1.15421
1.15296
1.15392
1.1617
1.15264
1.15181
1.15293
1.15248
1.15376
1.14566
 
1024
9.09942
9.12624
9.09984
9.10784
9.10125
9.09651
9.09805
9.0968
9.09645
9.09526
 
2048
72.5922
72.586
72.564
72.5548
72.5663
72.5995
72.5775
72.557
72.5955
72.5797
 
