32
0.007616
0.007744
0.007616
0.007648
0.00768
0.007648
0.007648
0.007616
0.007648
0.007616
 
64
0.009792
0.00976
0.009792
0.009888
0.009792
0.009792
0.009824
0.13552
0.009824
0.009824
 
128
0.022752
0.021376
0.021376
0.023008
0.041632
0.021312
0.021312
0.023936
0.021504
0.025088
 
256
0.133376
0.133376
0.13376
0.133536
0.133504
0.13344
0.13344
0.13344
0.13376
0.133344
 
512
1.01402
1.01094
1.01146
1.00938
1.0041
1.01309
1.01002
1.01309
1.01053
0.999776
 
1024
7.82877
7.84771
7.82294
7.88595
7.86224
7.85645
7.82307
7.83338
7.86803
7.88541
 
2048
63.7795
63.7787
63.9068
63.8178
63.891
63.7539
63.8554
63.8229
63.7663
63.7995
 
4096
517.881
517.889
517.848
518.146
517.769
517.9
517.919
518.126
519.152
517.508
 
8192
4173.35
4170.78
4176.12
4173.74
4171.73
4170.57
4174.35
4173.41
4178.04
4181.73
 
