32
0.123296
0.009088
0.00912
0.123072
0.142592
0.00944
0.009088
0.009088
0.009248
0.009056
 
64
0.023136
0.023296
0.156768
0.023424
0.03024
0.023008
0.023008
0.023264
0.023136
0.023392
 
128
0.146496
0.142464
0.150336
0.14592
0.145312
0.142816
0.144128
0.142528
0.159136
0.142368
 
256
1.09798
1.09978
1.0983
1.09827
1.09782
1.09821
1.09747
1.09821
1.09818
1.09754
 
512
9.78653
9.79725
9.79674
9.8007
9.79062
9.78406
9.78038
9.79926
9.80611
9.80202
 
1024
78.4919
78.5201
78.455
78.4599
78.4749
78.4804
78.5391
78.4811
78.4362
78.4689
 
2048
636.878
636.571
636.65
636.143
636.408
636.233
636.702
636.693
636.862
636.988
 
