32
0.133792
0.019168
0.019168
0.019296
0.0192
0.019264
0.019232
0.019296
0.019168
0.019616
 
64
0.11504
0.234624
0.115008
0.115552
0.245408
0.1152
0.231872
0.2496
0.25424
0.115328
 
128
0.863968
0.865216
0.880928
0.863744
0.879552
0.86368
0.865312
0.879232
0.864672
0.863968
 
256
6.96554
6.9656
6.9663
6.96592
6.9665
6.96634
6.96803
6.96624
6.9665
6.96781
 
512
65.4951
65.4325
65.4373
65.4596
65.4266
65.4412
65.43
65.4571
65.4215
65.4328
 
1024
522.745
522.761
522.666
522.769
522.843
522.751
522.781
522.755
522.726
522.701
 
2048
4183.67
4183.42
4183.56
4183.47
4183.54
4183.51
4183.13
4183.82
4183.81
4183.45
 
