32
0.030016
0.02896
0.02816
0.032992
0.03008
0.041984
0.027776
0.0304
0.030496
0.0304
 
64
0.032512
0.033024
0.034336
0.032064
0.034752
0.033504
0.031936
0.034432
0.033536
0.032768
 
128
0.067488
0.066432
0.067872
0.068512
0.066144
0.067616
0.067872
0.067072
0.06848
0.067968
 
256
0.26784
0.268256
0.267552
0.26752
0.26736
0.267968
0.268064
0.267744
0.26848
0.267424
 
512
2.15501
2.16154
2.15802
2.15536
2.16253
2.15658
2.15501
2.19533
2.16192
2.156
 
1024
17.1724
17.1754
17.1719
17.1735
17.1739
17.1727
17.1696
17.1728
17.1728
17.1751
 
2048
137.609
137.21
137.555
137.569
137.577
137.171
137.202
137.608
137.564
136.986
 
4096
1070.69
1070.91
1068.8
1071.09
1067.51
1069.88
1068.76
1069.58
1068.99
1069.32
 
8192
8931.11
8927.34
8928.98
8927.76
8927.25
8928.85
8928.8
8930.36
8930.89
8931.94
 
