2
0.007776
0.007424
0.007296
0.007232
0.006752
0.00688
0.007456
0.006816
0.006144
0.007072
 
4
0.007008
0.006368
0.006688
0.006208
0.007648
0.007072
0.006496
0.007168
0.006624
0.007392
 
8
0.007168
0.005888
0.007264
0.005888
0.009152
0.006784
0.008512
0.007424
0.008128
0.007552
 
16
0.007136
0.007008
0.007136
0.00816
0.007328
0.007936
0.006432
0.006784
0.008416
0.007776
 
32
0.009152
0.007104
0.00864
0.007488
0.006784
0.006912
0.00832
0.007808
0.00704
0.007648
 
64
0.008832
0.007808
0.008448
0.00688
0.007904
0.008192
0.007584
0.006432
0.007136
0.008896
 
128
0.006784
0.004096
0.003968
0.004544
0.003968
0.004256
0.0056
0.005568
0.004
0.004448
 
256
0.001248
0.00128
0.00128
0.00128
0.00128
0.00128
0.00128
0.00128
0.001312
0.001408
 
512
0.00128
0.00128
0.001344
0.00128
0.00128
0.001312
0.00128
0.001536
0.001312
0.00128
 
1024
0.001536
0.00128
0.001312
0.001248
0.001312
0.00128
0.00128
0.00128
0.00128
0.001248
 
2048
0.00128
0.00128
0.001216
0.001312
0.001536
0.001344
0.001312
0.001408
0.001344
0.013216
 
4096
0.001312
0.02272
0.001408
0.013344
0.011808
0.009856
0.0168
0.00128
0.013184
0.001312
 
8192
0.011744
0.012
0.010464
0.011776
0.011392
0.011904
0.008896
0.011616
0.008256
0.012576
 
