2
0.023616
0.025728
0.02176
0.022912
0.021856
0.021376
0.02224
0.021664
0.021216
0.019872
 
4
0.02128
0.020288
0.019296
0.019072
0.019904
0.021728
0.022368
0.031072
0.024352
0.024448
 
8
0.026432
0.020832
0.022432
0.021472
0.02224
0.021216
0.022208
0.024992
0.025152
0.033216
 
16
0.024256
0.024928
0.022624
0.024
0.02096
0.020704
0.022688
0.020736
0.020768
0.022272
 
32
0.02224
0.028992
0.022944
0.022016
0.030336
0.022112
0.033568
0.024448
0.024256
0.026496
 
64
0.037536
0.037568
0.040608
0.038816
0.0448
0.038048
0.038784
0.038304
0.045568
0.041568
 
128
0.169888
0.17024
0.169312
0.16512
0.166304
0.169664
0.173664
0.165728
0.16448
0.170656
 
256
0.990656
0.989344
0.989024
0.988768
0.993024
0.990112
0.988928
0.987776
0.98928
0.988352
 
512
9.38362
9.29888
9.32224
9.33786
9.33917
9.80403
9.5399
9.4655
10.5342
9.33814
 
1024
63.3569
63.4051
60.5266
55.6576
55.7539
55.6552
55.5274
64.2747
60.5115
60.3591
 
2048
441.238
429.016
423.189
426.873
423.184
424.353
424.509
424.764
423.196
423.232
 
4096
3400.01
3608.55
3462.07
3426.52
3375.01
3422.27
3472.29
3337.76
3341.1
3375.85
 
8192
36980.7
36715.5
36769.9
36363.2
35713.6
34265.4
34777.2
36679.2
37071.3
36080.2
 
