2
0.020064
0.02112
0.018368
0.019648
0.023168
0.036256
0.02
0.02
0.020864
0.020096
 
4
0.025024
0.024992
0.021248
0.023296
0.021152
0.023968
0.021216
0.022208
0.021376
0.02016
 
8
0.020512
0.019936
0.018144
0.018656
0.019104
0.020896
0.019264
0.02208
0.021152
0.019936
 
16
0.02176
0.02224
0.021472
0.021632
0.02144
0.021472
0.020544
0.022464
0.023968
0.023776
 
32
0.028928
0.023808
0.024224
0.024032
0.023488
0.024064
0.023296
0.023968
0.025376
0.021376
 
64
0.029184
0.027808
0.028832
0.029472
0.029472
0.030016
0.03088
0.030144
0.029408
0.027424
 
128
0.069088
0.088992
0.072384
0.086368
0.074176
0.078784
0.091232
0.072224
0.091808
0.089504
 
256
0.367744
0.369888
0.36544
0.36672
0.367808
0.365248
0.363296
0.363136
0.381568
0.375776
 
512
2.89914
2.86451
2.90906
3.56778
3.53338
3.59594
3.55965
3.55296
3.54032
3.54618
 
1024
27.4076
27.4235
27.3429
27.4001
27.3476
27.3394
27.3668
27.3371
27.3566
27.3598
 
2048
217.904
196.176
177.911
177.949
178.296
177.921
177.844
178.38
176.166
176.825
 
4096
1442.78
1443.99
1441.9
1444.14
1445.11
1473.37
1444.67
1441.87
1444.23
1444.88
 
8192
11719.3
11752.3
11764.5
11791.9
11783.6
12045.5
11787.8
11822.8
11806
11824.9
 
