2
0.018976
0.018912
0.019552
0.01968
0.020672
0.019872
0.020352
0.019616
0.021952
0.0224
 
4
0.020288
0.020416
0.020096
0.023744
0.044128
0.021216
0.019968
0.022016
0.019968
0.022304
 
8
0.024864
0.020096
0.028576
0.020672
0.019584
0.019616
0.020352
0.021152
0.020576
0.01968
 
16
0.021216
0.020704
0.020704
0.019552
0.019904
0.021248
0.022368
0.0216
0.022368
0.02208
 
32
0.024704
0.02432
0.024992
0.024256
0.02464
0.025216
0.024224
0.023968
0.024576
0.025184
 
64
0.033632
0.032576
0.043264
0.031808
0.032672
0.031776
0.032352
0.033632
0.038048
0.033408
 
128
0.088384
0.108096
0.116256
0.085504
0.089216
0.089536
0.086272
0.08944
0.109184
0.11616
 
256
0.451936
0.473504
0.453376
0.45264
0.45072
0.451424
0.455168
0.454432
0.398464
0.401184
 
512
3.22176
3.12509
3.17251
3.13827
3.22298
3.1169
2.87053
2.8688
3.0928
3.0201
 
1024
24.0945
23.475
23.0761
23.1169
23.0902
24.5953
22.9997
23.1623
22.9837
23.2225
 
2048
182.822
191.506
182.132
181.299
181.521
188.929
183.343
192.829
194.847
181.741
 
4096
1515.9
1479.38
1497.02
1531.57
1479.61
1525.38
1502.54
1501.64
1536.19
1494.24
 
8192
12286.1
12372
12293.6
12351.6
12268.5
12308.2
12324.2
12449.9
12435.2
12367.1
 
