2
0.017536
0.018048
0.018912
0.020256
0.017504
0.017792
0.01728
0.01872
0.0184
0.019328
 
4
0.019712
0.020832
0.023712
0.020352
0.021056
0.02
0.02048
0.021184
0.022432
0.023136
 
8
0.019648
0.019872
0.020576
0.020448
0.020544
0.020928
0.028224
0.022144
0.022464
0.021728
 
16
0.021152
0.022848
0.019808
0.023424
0.022976
0.019936
0.024416
0.02096
0.02048
0.020256
 
32
0.040544
0.023072
0.024192
0.02128
0.021568
0.02256
0.023296
0.021024
0.02128
0.024064
 
64
0.030432
0.02816
0.03072
0.028736
0.02752
0.026496
0.02736
0.029568
0.026304
0.027168
 
128
0.07936
0.083744
0.088544
0.075936
0.076192
0.078272
0.079264
0.08208
0.077888
0.083456
 
256
0.436544
0.43264
0.432576
0.436512
0.436512
0.432512
0.435008
0.433216
0.440256
0.434304
 
512
3.30394
3.30864
3.32694
3.31706
3.31283
3.32317
3.4073
3.31616
3.31341
3.30886
 
1024
28.1296
28.6066
28.4502
28.0438
28.1638
28.1788
28.134
29.0356
28.1113
28.2498
 
2048
229.104
229.711
229.488
230.904
229.676
229.467
229.432
230.849
229.31
230.216
 
4096
2037.18
1989.52
2125.77
1935.78
2003.78
1959.34
2088.99
2105.25
2020.41
2001.84
 
8192
15794
15800.5
15813.6
15832.3
15965.5
15906.3
15872.9
15925.9
15954.1
15922.2
 
