2
0.02288
0.019584
0.021312
0.022144
0.019552
0.022944
0.022432
0.018752
0.018912
0.019392
 
4
0.018336
0.019552
0.020544
0.020224
0.023488
0.02064
0.021024
0.022304
0.023264
0.0216
 
8
0.02112
0.020224
0.0224
0.022016
0.02224
0.022528
0.01968
0.02112
0.019968
0.020224
 
16
0.022272
0.021824
0.027168
0.023904
0.026432
0.021984
0.022432
0.025792
0.022624
0.02192
 
32
0.029184
0.030592
0.029952
0.033024
0.029536
0.033632
0.029536
0.033984
0.032704
0.041056
 
64
0.079296
0.082752
0.079072
0.080064
0.078784
0.079616
0.081504
0.076992
0.0776
0.07792
 
128
0.611328
0.58784
0.589408
0.584608
0.58304
0.586944
0.587104
0.589568
0.601248
0.587808
 
256
3.51718
3.5184
3.5175
3.52147
3.5185
3.51978
3.51824
3.51936
3.51565
3.51917
 
512
27.3877
27.3741
27.3877
27.3818
27.3885
27.3912
27.3892
27.377
27.3775
27.3782
 
1024
221.597
199.658
219.701
184.763
213.658
184.706
184.844
253.552
184.721
184.747
 
2048
1473.45
1532.52
1473.63
1473.53
1473.59
1563.15
1513.7
1519.84
1480.52
1476.36
 
4096
11810.2
11737
11756.6
12350
12854.2
11702.8
11754.7
11700.9
11730.1
11729
 
8192
102507
102693
102593
102697
102609
102603
102055
102594
102264
101809
 
