2
0.018944
0.018496
0.017888
0.017632
0.021376
0.018464
0.021856
0.018816
0.019232
0.018432
 
4
0.01872
0.018848
0.018336
0.018688
0.020416
0.019584
0.019296
0.020608
0.019584
0.023104
 
8
0.019168
0.021056
0.018944
0.019776
0.021056
0.019712
0.020704
0.01904
0.018784
0.020288
 
16
0.019552
0.01888
0.021088
0.018528
0.020032
0.019936
0.020704
0.018592
0.02256
0.018848
 
32
0.021856
0.022272
0.021184
0.023392
0.021536
0.021376
0.020832
0.0216
0.02144
0.022816
 
64
0.032672
0.027776
0.037344
0.029376
0.028928
0.029568
0.031648
0.027616
0.027584
0.028928
 
128
0.067328
0.063296
0.067712
0.065088
0.0648
0.0648
0.063936
0.065216
0.066464
0.064256
 
256
0.368704
0.374912
0.367776
0.374016
0.371648
0.372352
0.369472
0.372128
0.36944
0.369408
 
512
2.83792
2.84096
2.84288
2.84442
2.84186
2.84589
2.84058
3.04
2.92957
3.14579
 
1024
23.419
22.5194
23.1188
22.5731
23.1814
23.275
23.0618
23.0236
23.3192
23.3829
 
2048
196.693
198.157
183.234
185.036
188.276
185.571
186.444
194.677
187.72
187.837
 
4096
1589.07
1560.31
1548.73
1536.9
1514.36
1602.74
1536.33
1518.08
1612.69
1548.76
 
8192
12460.7
12491
12516.6
12457.9
12495.6
12404.9
12419.7
12475.8
12690.8
12642.8
 
