2
0.024384
0.025536
0.020896
0.019584
0.020224
0.02176
0.020032
0.020096
0.027136
0.022848
 
4
0.024416
0.021312
0.021152
0.024384
0.02272
0.02224
0.023296
0.020672
0.024928
0.020864
 
8
0.025696
0.023392
0.022368
0.020768
0.021664
0.021472
0.02176
0.021376
0.022144
0.024512
 
16
0.022368
0.120352
0.022688
0.023584
0.023136
0.033248
0.0216
0.022624
0.02336
0.021984
 
32
0.024352
0.024576
0.026944
0.027776
0.027488
0.027072
0.024192
0.024192
0.024736
0.023776
 
64
0.034464
0.033504
0.033888
0.032896
0.03328
0.03472
0.035872
0.03712
0.034944
0.036096
 
128
0.10576
0.109056
0.113376
0.113056
0.109024
0.10432
0.105152
0.112928
0.1136
0.110048
 
256
0.650752
0.6504
0.651552
0.651744
0.651872
0.650272
0.650304
0.651648
0.651008
0.651552
 
512
6.2568
6.14422
6.65798
6.18013
6.17187
6.17408
6.31565
6.55978
8.13645
6.15197
 
1024
58.7175
57.7243
52.9763
53.1378
53.6509
53.0539
53.0854
53.6918
55.9949
53.6956
 
2048
388.997
366.167
366.22
379.65
366.085
366.109
369.102
366.175
378.575
383.917
 
4096
2942.49
2964.1
2974.96
2921.94
2922.99
2922.33
2945.45
2922.52
2922.28
2964.79
 
8192
26591
26548.1
26451
26571.5
26452.9
26606.5
26588.4
26576
26583.8
26621.2
 
