2
0.03168
0.021216
0.024
0.020704
0.020448
0.02688
0.020416
0.0216
0.030592
0.020608
 
4
0.02592
0.021472
0.029024
0.022048
0.021632
0.021216
0.022208
0.024608
0.024288
0.025952
 
8
0.022656
0.024448
0.0256
0.021664
0.022528
0.023456
0.023136
0.023104
0.023328
0.022688
 
16
0.028448
0.024256
0.0256
0.023456
0.024384
0.024832
0.024928
0.023744
0.023712
0.028384
 
32
0.03488
0.03488
0.035136
0.03376
0.035872
0.035328
0.039072
0.03536
0.034944
0.035808
 
64
0.101248
0.101824
0.100352
0.100224
0.10336
0.102144
0.102912
0.102944
0.102272
0.102592
 
128
0.6256
0.622144
0.624544
0.624736
0.622048
0.620768
0.623328
0.617696
0.620832
0.620448
 
256
4.70528
4.7073
4.70762
4.70589
4.70797
4.70602
4.70595
4.70368
4.70739
4.7055
 
512
42.7213
42.927
42.6935
43.0727
42.6388
45.2027
42.6657
42.5715
43.1866
42.7245
 
1024
366.197
329.029
328.637
328.564
328.824
328.602
328.658
328.65
328.726
328.541
 
2048
2639.13
2639.17
2639.49
2638.91
2639.97
2642.99
2639.3
2638.64
2639.14
2639.55
 
4096
20986
20957.4
20993.6
20955.8
21004.5
20962.3
20988
20964.5
21002.9
21231.9
 
8192
169691
169971
169786
170445
169775
169798
169948
169749
169945
169982
 
