2
0.01856
0.019552
0.0176
0.019104
0.018208
0.018464
0.019488
0.018368
0.019584
0.017824
 
4
0.020096
0.01904
0.018528
0.018016
0.017728
0.02
0.024096
0.02288
0.023584
0.019904
 
8
0.02832
0.01952
0.02112
0.019872
0.020096
0.01968
0.022592
0.018848
0.019232
0.020512
 
16
0.022432
0.019552
0.022336
0.018176
0.018592
0.018944
0.01936
0.017984
0.01872
0.019136
 
32
0.02064
0.0224
0.021536
0.03664
0.022208
0.021088
0.024704
0.02208
0.023072
0.021248
 
64
0.025184
0.023808
0.023776
0.024544
0.023232
0.024064
0.023872
0.02272
0.024992
0.02352
 
128
0.038432
0.038272
0.043808
0.038304
0.045376
0.037536
0.039616
0.042304
0.044192
0.036704
 
256
0.145504
0.145376
0.146464
0.145504
0.14576
0.148704
0.14544
0.145728
0.146272
0.145984
 
512
1.00422
1.0032
1.01805
1.12774
1.00474
1.00493
1.10918
1.69613
1.10608
1.00829
 
1024
7.94989
8.8447
8.20208
7.96358
7.96973
7.9585
8.92816
8.92054
8.26534
7.97459
 
2048
68.0785
66.7516
64.5036
64.4762
64.1535
65.0752
65.7034
67.7338
67.0484
65.1012
 
4096
522
517.532
518.423
518.281
549.825
517.783
518.554
518.654
517.506
525.696
 
8192
4212.32
4200.35
4220.92
4259.9
4265.43
4230.84
4204.39
4210.03
4223.22
4277.02
 
