2
0.019456
0.02448
0.016704
0.018976
0.017504
0.018528
0.017504
0.020928
0.019968
0.021504
 
4
0.022112
0.019968
0.019264
0.019968
0.0176
0.017856
0.018848
0.018432
0.018816
0.019008
 
8
0.02064
0.020608
0.023424
0.020608
0.048192
0.02064
0.035328
0.019776
0.019328
0.01952
 
16
0.020512
0.020032
0.019232
0.019008
0.020864
0.020128
0.019456
0.0192
0.01952
0.01936
 
32
0.021248
0.021312
0.023168
0.020544
0.021728
0.02112
0.02144
0.023584
0.022752
0.022336
 
64
0.027328
0.025408
0.02512
0.02576
0.026016
0.023488
0.024384
0.024
0.025056
0.02368
 
128
0.037248
0.040064
0.039744
0.040896
0.039072
0.036512
0.036544
0.036704
0.041984
0.037472
 
256
0.149408
0.149728
0.150368
0.150688
0.150176
0.148512
0.148416
0.147712
0.148352
0.147872
 
512
1.12285
1.12387
1.12406
1.1225
1.12346
1.12426
1.12317
1.124
1.12362
1.12541
 
1024
10.025
9.95405
10.0826
9.85878
9.86166
9.8551
9.85885
9.84902
9.90659
9.85107
 
2048
79.3794
80.5643
79.3856
79.3814
79.3646
79.3287
79.836
80.2557
79.2186
81.1805
 
4096
658.799
657.702
658.926
683.123
658.335
647.975
658.556
646.484
639.521
658.205
 
8192
9105.95
8774.27
8977.66
8772.32
9133.99
9084.49
9172.39
8743.65
8881.37
8502.88
 
