2
0.025632
0.019552
0.020512
0.01952
0.0192
0.019392
0.019168
0.019872
0.02176
0.022464
 
4
0.020128
0.018816
0.019552
0.019008
0.019168
0.018688
0.019424
0.019328
0.019264
0.018848
 
8
0.019072
0.019392
0.019008
0.017888
0.018144
0.018432
0.017344
0.01936
0.019648
0.020128
 
16
0.021632
0.019136
0.021056
0.026144
0.023136
0.018144
0.019776
0.021248
0.021856
0.023712
 
32
0.019264
0.020064
0.018048
0.02
0.019328
0.019584
0.021312
0.02016
0.022912
0.01904
 
64
0.02272
0.023584
0.02672
0.024256
0.024256
0.026816
0.024128
0.02352
0.026048
0.032064
 
128
0.036128
0.03664
0.040128
0.039968
0.041888
0.0376
0.036608
0.037536
0.03776
0.034592
 
256
0.12816
0.129888
0.129568
0.129056
0.129568
0.128416
0.12928
0.129056
0.129536
0.130816
 
512
0.986432
0.991168
0.9864
0.988416
0.988224
1.01382
0.987744
0.991488
0.991008
0.99216
 
1024
8.43011
8.5529
8.23277
8.23779
8.24768
8.23789
8.23302
8.24445
8.59779
8.37098
 
2048
65.6952
65.7375
65.6924
68.0248
65.6874
65.6967
70.7041
65.678
65.6766
65.687
 
4096
570.195
528.984
519.183
529.781
518.744
532.922
532.662
517.984
517.451
534.394
 
8192
4127.55
4261.8
4236.88
4187.31
4155.38
4212.34
4258.09
4207.77
4182.39
4203.6
 
