2
0.02464
0.020224
0.021248
0.02016
0.02144
0.020992
0.020384
0.021376
0.020928
0.021024
 
4
0.022848
0.019872
0.019968
0.019584
0.019808
0.021664
0.01888
0.021056
0.020096
0.021312
 
8
0.018112
0.020288
0.021728
0.020256
0.023456
0.023808
0.026208
0.02016
0.021152
0.020448
 
16
0.026336
0.020256
0.019968
0.024192
0.02096
0.022656
0.020288
0.020096
0.024096
0.021632
 
32
0.023008
0.029728
0.020032
0.022912
0.022624
0.024608
0.024192
0.02832
0.022336
0.024192
 
64
0.025056
0.025344
0.025248
0.025024
0.02912
0.029824
0.025472
0.025568
0.02432
0.02544
 
128
0.04848
0.053056
0.047424
0.048992
0.048
0.042048
0.04016
0.041568
0.041312
0.041632
 
256
0.162464
0.147712
0.147936
0.148576
0.150208
0.146272
0.146592
0.147232
0.149952
0.1472
 
512
1.13203
1.22643
1.22416
1.24534
1.35232
1.22442
1.24262
1.22352
1.2392
1.22598
 
1024
9.69837
9.69555
9.69277
10.5245
9.70333
9.69488
9.67971
9.69552
9.67504
9.68819
 
2048
77.1554
71.9437
65.5092
63.0288
63.0305
63.0161
63.0014
63.8786
63.7908
63.772
 
4096
506.428
506.53
504.136
505.798
503.655
504.45
555.044
503.978
505.256
504.28
 
8192
4049.95
4052.89
4101.12
4086.44
4155.64
4079.9
4034.38
4037.4
4078.56
4035.88
 
