32
0.038944
0.04048
0.041504
0.040896
0.042048
0.044832
0.044736
0.041888
0.039808
0.039008
 
64
0.067008
0.070336
0.068512
0.068832
0.069696
0.066976
0.067808
0.068256
0.068192
0.067552
 
128
0.159744
0.160544
0.159808
0.16112
0.162112
0.16064
0.16096
0.159904
0.160448
0.160384
 
256
0.509536
0.507776
0.509856
0.510208
0.505952
0.509664
0.50176
0.503264
0.509088
0.528512
 
512
1.90166
1.85894
1.88093
1.88176
1.88928
1.8649
1.88531
1.88378
1.8848
1.88058
 
1024
14.6239
14.638
14.6751
14.6343
14.6875
14.6273
14.7371
14.6088
14.6919
14.6557
 
2048
139.736
139.416
139.54
139.224
139.144
139.095
139.617
139.792
139.805
139.567
 
4096
1129.25
1129.16
1129.23
1128.72
1128.73
1128.8
1128.98
1128.7
1128.9
1129.11
 
8192
9064.61
9064.17
9065.46
9065.25
9065.36
9065.84
9065.84
9065.79
9065.34
9065.49
 
