32
0.03424
0.033024
0.032832
0.034624
0.03248
0.032672
0.03296
0.032576
0.032576
0.032608
 
64
0.053344
0.053824
0.056
0.06704
0.05264
0.05728
0.056736
0.054816
0.05552
0.056064
 
128
0.172512
0.173184
0.17824
0.169504
0.169248
0.169888
0.169312
0.168032
0.169952
0.175296
 
256
1.04781
1.04813
1.04624
1.05104
1.04685
1.04506
1.04538
1.0473
1.0455
1.0472
 
512
8.00099
8.00445
7.99814
8.0079
7.99219
8.00326
7.99382
8.00922
7.99798
7.99878
 
1024
70.068
70.0712
70.1528
70.1385
70.0888
70.1311
70.1829
70.0689
70.1013
70.0886
 
2048
520.776
522.984
520.81
523.326
520.824
521.464
524.28
520.609
522.668
521.033
 
4096
3964.42
