32
0.010752
0.010816
0.012576
0.030912
0.033696
0.031232
0.031808
0.032448
0.033728
0.03504
 
64
0.042624
0.045536
0.042464
0.04144
0.042592
0.04176
0.04224
0.043456
0.044192
0.042464
 
128
0.091648
0.093856
0.095104
0.110208
0.096448
0.092544
0.09808
0.096544
0.09376
0.096
 
256
0.47648
0.484128
0.478784
0.48224
0.476224
0.46864
0.47728
0.502912
0.482368
0.47696
 
512
3.48275
3.4911
3.49226
3.49242
3.49763
3.49565
3.48941
3.48509
3.48307
3.50323
 
1024
28.383
28.392
28.3259
28.3724
28.3759
28.3568
28.3938
28.392
