32
0.034144
0.034016
0.033248
0.033568
0.03744
0.0336
0.033664
0.039424
0.03616
0.036288
 
64
0.05824
0.053984
0.055104
0.05456
0.056896
0.053824
0.055392
0.056448
0.05488
0.056768
 
128
0.175008
0.175072
0.176448
0.186816
0.175872
0.175456
0.187744
0.175232
0.176832
0.177888
 
256
1.08566
1.08765
1.09626
1.08973
1.09334
1.08608
1.08768
1.08355
1.08141
1.08502
 
512
8.32982
8.316
8.32272
8.34035
8.3311
8.31795
8.32445
8.33117
8.32275
8.32896
 
1024
75.1572
75.1259
75.182
75.1635
75.1548
75.1908
75.2127
75.2384
75.19
75.1928
 
2048
556.214
553.078
553.747
554.093
554.533
553.769
554.976
555.358
554.309
556.4
 
4096
4238.37
4233.39
4227.52
4228.6
4229.99
4231.56
4220.08
4230.8
4228.04
4231.95
 
8192
34224.7
35680.8
35915.5
35975.6
36097.2
36177
36187.8
36250.3
36297.9
36302.4
 
