32
0.034208
0.032768
0.0344
0.03488
0.034752
0.03264
0.034048
0.032672
0.033504
0.033184
 
64
0.04336
0.054976
0.040352
0.040256
0.040096
0.043872
0.055776
0.043872
0.039744
0.040512
 
128
0.07312
0.072608
0.072288
0.071392
0.072288
0.073504
0.072672
0.079488
0.07264
0.074208
 
256
0.356864
0.356448
0.363648
0.357568
0.356352
0.35936
0.358784
0.355072
0.353184
0.354336
 
512
2.58899
2.59475
2.59197
2.56579
2.59827
2.59658
2.60134
2.55882
2.60528
2.55398
 
1024
19.9073
19.8084
19.8195
19.8277
19.8235
19.7821
19.8498
19.8949
19.8135
19.8163
 
2048
157.458
157.47
157.438
157.543
157.536
157.494
157.512
157.66
157.44
157.536
 
4096
1088.48
1086.49
1088.63
1085.88
1089.68
1088
1089.84
1089.97
1086.88
1089.3
 
8192
8412.83
8414.2
8408.03
8409.68
8408.49
8403.62
8409.9
8404.52
8400.45
8392.66
 
