32
0.03216
0.033984
0.034528
0.031872
0.032512
0.031776
0.03152
0.034624
0.033152
0.032512
 
64
0.043456
0.042464
0.04304
0.042752
0.042848
0.045344
0.043104
0.039552
0.039456
0.039552
 
128
0.097888
0.098624
0.100256
0.10048
0.102752
0.102816
0.100768
0.099232
0.098592
0.098464
 
256
0.45888
0.457248
0.45776
0.458688
0.461248
0.45808
0.463424
0.462528
0.464512
0.463488
 
512
3.51277
3.51405
3.51229
3.51466
3.5193
3.51949
3.51789
3.51478
3.51389
3.51366
 
1024
34.166
34.1898
34.1915
34.1846
34.1875
34.2079
34.2105
34.1544
34.1854
34.1705
 
2048
269.65
270.707
271.048
270.156
271.21
270.881
269.723
269.4
270.032
270.314
 
4096
2112.65
2109.98
2108.4
2106.71
2107.83
2109.18
2112.92
2108.48
2113.93
2100.33
 
8192
16658.7
16659.7
16657.1
16652.4
16656.7
16670.6
16662.8
16653.4
16658.3
16656.3
 
