32
0.034848
0.033792
0.036
0.04848
0.034912
0.05232
0.033952
0.035712
0.035872
0.035232
 
64
0.048864
0.049888
0.047296
0.054944
0.0472
0.050688
0.048928
0.048416
0.046432
0.051072
 
128
0.096928
0.098368
0.098272
0.100224
0.103776
0.099584
0.106944
0.096896
0.096896
0.096416
 
256
0.26704
0.266656
0.266816
0.267232
0.266944
0.268992
0.27008
0.269184
0.271648
0.269312
 
512
1.86058
1.86288
1.84762
1.84426
1.8481
1.85072
1.86989
1.84432
1.84611
1.84029
 
1024
14.5105
14.4736
14.5044
14.5126
14.5249
14.5491
14.5359
14.55
14.4718
14.5067
 
2048
140.9
140.803
140.772
140.522
141.113
140.893
140.801
140.755
141.278
140.974
 
4096
1129.02
1128.96
1129.22
1128.98
1129.45
1129.24
1129.03
1129.19
1129.53
1129.14
 
8192
9074.09
9074.55
9074
9074.01
9075
9073.68
9074.91
9073.68
9073.44
9073.44
 
