32
0.03504
0.032704
0.032992
0.03392
0.032384
0.036768
0.035936
0.035104
0.0344
0.036896
 
64
0.054656
0.053536
0.063168
0.051872
0.051136
0.050592
0.051712
0.054144
0.049856
0.049056
 
128
0.150976
0.151168
0.148992
0.150784
0.147104
0.14864
0.145728
0.146304
0.147488
0.150304
 
256
0.865952
0.864416
0.867808
0.870976
0.869184
0.873344
0.869312
0.869888
0.87088
0.87152
 
512
6.74397
6.74726
6.7464
6.74182
6.73514
6.74803
6.7376
6.76371
6.75613
6.7455
 
1024
67.5774
67.627
67.5973
67.572
67.5856
67.5756
67.5807
67.6194
67.5735
67.615
 
2048
515.915
516.769
515.082
515.761
517.233
515.547
517.564
515.417
517.42
514.944
 
4096
4127.51
4145.46
4129.35
4149.86
4147.52
4131.81
4127.78
4124.76
4150.52
4134.32
 
8192
32790.9
32889.5
32891.1
33032.7
33004.7
33091.6
33137.9
33011.1
33197.8
33134.7
 
