32
0.033088
0.032672
0.034144
0.036928
0.03632
0.037632
0.035776
0.037504
0.035168
0.046528
 
64
0.043904
0.041248
0.042176
0.042624
0.046016
0.046304
0.056384
0.045152
0.045408
0.045088
 
128
0.10528
0.118496
0.106336
0.102496
0.103584
0.102272
0.100832
0.102688
0.10288
0.099968
 
256
0.488352
0.491936
0.49168
0.490304
0.49504
0.517184
0.492544
0.492352
0.487968
0.510848
 
512
3.65418
3.64902
3.64934
3.65203
3.65728
3.64867
3.65491
3.66163
3.65898
3.65232
 
1024
28.5372
28.5257
28.5322
28.5029
28.538
28.5255
28.5271
28.5463
28.5527
28.5364
 
2048
222.785
224.825
222.652
224.667
224.952
224.203
224.39
223.473
222.842
224.716
 
4096
1553.44
1553.52
1553.21
1549.1
1551.1
1553.37
1553.19
1553.34
1550.72
1552.71
 
8192
12174.1
12171.7
12170.2
12177.4
12174.6
12180.1
12165.2
12165.5
12168
12174.9
 
