32
0.047584
0.060576
0.044256
0.044992
0.044928
0.04464
0.047648
0.044576
0.044736
0.044192
 
64
0.137888
0.137184
0.137312
0.150656
0.1384
0.152256
0.141952
0.138688
0.138656
0.14016
 
128
0.864096
0.867968
0.866656
0.867008
0.863936
0.861376
0.882976
0.871328
0.86496
0.863392
 
256
6.56102
6.56691
6.56224
6.55862
6.55923
6.57808
6.55466
6.55494
6.55747
6.56512
 
512
52.1486
52.0337
52.0187
52.1386
52.0967
52.0406
52.0367
52.0773
52.004
52.0187
 
1024
506.717
507.701
509.852
506.134
506.272
503.469
507.048
508.597
505.689
508.474
 
2048
3789.69
3791.44
3794.85
3790.61
3787.55
3794.71
3789.05
3791.83
3790.99
3790.73
 
4096
31095.2
31080.8
44013.6
49424.4
49417.8
49412.6
49411.6
49413.2
49414
49411.5
 
8192
356084
355755
356523
356307
356733
356477
356919
356866
356495
356651
 
