32
0.031936
0.03648
0.03808
0.038752
0.036576
0.03856
0.034432
0.032992
0.034912
0.03184
 
64
0.045504
0.04368
0.043616
0.04368
0.043744
0.04416
0.0456
0.045408
0.043264
0.045312
 
128
0.071456
0.068544
0.07008
0.067552
0.070016
0.070016
0.069728
0.070656
0.068288
0.081792
 
256
0.289312
0.269024
0.27776
0.26592
0.268704
0.266976
0.267584
0.273504
0.27296
0.268416
 
512
1.84838
1.85107
1.85581
1.84634
1.84461
1.84899
1.83776
1.83904
1.85139
1.84832
 
1024
14.4851
14.49
14.5
14.4758
14.4975
14.4873
14.4977
14.4856
14.5005
14.491
 
2048
140.786
140.68
140.736
140.729
140.686
140.655
140.85
140.881
140.806
140.669
 
4096
1128.94
1128.81
1129.12
1128.94
1129.17
1128.86
1129.05
1129.09
1128.99
1129.16
 
8192
9071.93
9072.5
9072.65
9072.13
9072.08
9073.08
9072.22
9073.72
9073.96
9073.59
 
