32
0.108128
0.103744
0.118176
0.103072
0.115136
0.104032
0.109056
0.123072
0.1024
0.101664
 
64
1.26259
1.26202
1.26189
1.25978
1.26432
1.26074
1.26707
1.26563
1.26381
1.26454
 
128
18.9682
18.9574
18.9559
18.9584
18.9687
18.9622
18.9782
18.9547
18.9597
18.9582
 
256
285.866
288.73
288.799
286.938
285.353
285.29
288.837
287.533
287.308
287.022
 
512
3948.89
3950.46
3949.66
3950.37
3951.7
3948.93
3953.69
3949.07
3948.67
3945.58
 
1024
81584.2
84791
84919.5
84752.5
84861.1
84766.6
84790.1
84783.1
84743.8
84853.3
 
2048
1.36126e+06
1.35883e+06
1.36053e+06
1.36018e+06
1.36024e+06
1.35895e+06
 
4096
