32
0.0408
0.034912
0.035456
0.035904
0.036064
0.03648
0.038176
0.04096
0.039456
0.039712
 
64
0.049152
0.050816
0.048608
0.049408
0.051328
0.04592
0.04592
0.045376
0.045344
0.04832
 
128
0.085856
0.087936
0.086464
0.088672
0.087296
0.082912
0.084128
0.08576
0.083008
0.084064
 
256
0.319712
0.318944
0.324128
0.318656
0.321312
0.318208
0.31776
0.318752
0.32432
0.320384
 
512
2.06314
2.05907
2.06285
2.05667
2.06013
2.06074
2.05779
2.06509
2.05984
2.05869
 
1024
15.6171
15.6177
15.6237
15.614
15.617
15.6229
15.6309
15.6291
15.6265
15.6147
 
2048
123.408
123.348
123.331
123.342
123.363
123.35
123.31
123.388
123.353
123.351
 
4096
865.122
862.091
864.911
865.076
864.211
862.302
862.577
860.083
865.371
863.858
 
8192
6590.34
6590.83
6584.86
6588.9
6587.15
6580.26
6587.99
6583.06
6588.51
6582.81
 
