32
0.018176
0.017888
0.018176
0.018176
0.017984
0.017824
0.017952
0.017856
0.017984
0.018016
 
64
0.065952
0.067488
0.065888
0.067552
0.065568
0.067424
0.065792
0.067616
0.065888
0.067424
 
128
0.429472
0.4312
0.43104
0.430688
0.430624
0.430208
0.429536
0.429408
0.429376
0.429984
 
256
6.29174
6.27264
6.20794
6.21325
6.2145
6.21754
6.21635
6.21322
6.21286
6.21078
 
512
40.8158
40.8178
40.8042
40.8264
40.8069
40.8196
40.8186
40.81
40.8125
40.8092
 
1024
416.979
416.966
415.573
416.963
416.922
416.982
416.97
417.065
416.905
417.098
 
2048
3239.49
3238.03
3238.32
3239.21
3238.03
3239.95
3238.52
3236.79
3239.24
3239.09
 
4096
25840.4
25181.2
25748.9
26172.8
26173.5
26149.9
26154.3
26141.6
26144.8
26147.3
 
8192
179998
180994
180286
179894
180279
160688
135789
136128
136171
135914
 
