32
0.018176
0.01888
0.018272
0.018816
0.018688
0.018112
0.01872
0.018432
0.018144
0.018816
 
64
0.143328
0.144608
0.143456
0.143552
0.143616
0.143008
0.143328
0.143296
0.144736
0.143008
 
128
8.86547
8.86589
8.86352
8.83693
8.85533
8.76566
8.77117
8.79789
8.86077
8.86006
 
256
127.281
127.315
54.9819
54.9768
54.9743
54.9815
54.9819
54.9757
54.9812
54.9846
 
512
784.415
784.778
784.256
781.879
784.138
786.409
783.865
775.425
776.061
779.41
 
1024
12319.7
13892.3
13946.3
14018.1
13999.7
14000.6
14167.3
20217.2
24520.6
 
2048
 
4096
