32
0.036032
0.035744
0.036064
0.046272
0.035072
0.036608
0.032032
0.034336
0.03328
0.047008
 
64
0.039552
0.038336
0.040992
0.039072
0.04384
0.042272
0.04272
0.042208
0.043776
0.039712
 
128
0.077088
0.076832
0.076032
0.078208
0.077344
0.089984
0.077888
0.080064
0.080896
0.079488
 
256
0.326464
0.294496
0.292832
0.296768
0.294176
0.29344
0.29616
0.293696
0.301312
0.291104
 
512
2.04659
2.04797
2.04522
2.04387
2.04259
2.04288
2.04358
2.0496
2.0496
2.04733
 
1024
18.031
18.0422
18.0327
18.031
18.0548
18.0557
18.0473
18.0281
18.0279
18.033
 
2048
144.657
144.511
144.509
144.613
144.741
144.698
144.667
144.527
144.62
144.553
 
4096
1333.9
1332.17
1333.88
1333.16
1331.6
1332.95
1334.82
1333.47
1332.16
1334.78
 
8192
11009.1
10991.3
11006.2
11017.5
11016.6
11007.3
11012
11006.3
11016.5
11007.3
 
