32
0.034144
0.03232
0.033568
0.032224
0.035488
0.03536
0.03616
0.037984
0.035776
0.036608
 
64
0.077056
0.06544
0.064384
0.066208
0.06352
0.061152
0.061792
0.063168
0.062656
0.060928
 
128
0.243968
0.243424
0.245984
0.248928
0.249024
0.24752
0.247744
0.262688
0.248416
0.246848
 
256
1.67622
1.67645
1.67501
1.67373
1.68038
1.68861
1.68013
1.67872
1.67917
1.68544
 
512
13.2227
13.2083
13.1957
13.1988
13.2106
13.2096
13.2087
13.1972
13.1976
13.2163
 
1024
135.289
135.316
135.385
135.431
135.323
135.361
135.391
135.383
135.291
135.348
 
2048
1047.85
1047.27
1047.58
1048.65
1047.66
1048.37
1046.78
1046.88
1048.44
1046.5
 
4096
8267.95
8228.08
8225.25
8228.79
8228.66
8178.7
8226.85
8236.43
8226.87
8226.91
 
8192
67486.7
68776.5
69200.4
69166.7
69333.1
69420.4
69370.5
69345.7
69259.4
69424
 
