32
0.051488
0.040928
0.043872
0.044448
0.042176
0.041856
0.043712
0.040512
0.038624
0.041664
 
64
0.092608
0.091712
0.091552
0.095456
0.0976
0.09584
0.097664
0.096576
0.09696
0.100704
 
128
0.510176
0.501664
0.502048
0.499744
0.498048
0.494656
0.494464
0.49424
0.492864
0.496544
 
256
3.65546
3.65245
3.65264
3.67606
3.66291
3.6569
3.65779
3.66461
3.65565
3.65757
 
512
28.8138
28.8306
28.8203
28.8448
28.8512
28.8334
28.8167
28.8236
28.8468
28.8264
 
1024
269.033
269.228
268.604
268.299
268.485
268.866
269.021
269.036
269.289
268.619
 
2048
1952.66
1948.47
1949.62
1951.78
1949.32
1949.39
1949.56
1950.49
1949.77
1949.38
 
4096
15758.9
15795
16199.3
16406
16512.2
16575.4
16657.3
16654.7
16656.4
16739.5
 
8192
136988
137291
137323
137236
137252
137294
137316
137298
137288
137217
 
