32
0.029632
0.029568
0.028832
0.028512
0.030528
0.029088
0.035392
0.02864
0.047392
0.032672
 
64
0.043424
0.035808
0.035552
0.038272
0.03568
0.035104
0.043744
0.03184
0.04512
0.036288
 
128
0.05472
0.056128
0.060736
0.061248
0.058176
0.07392
0.059552
0.057536
0.070272
0.05472
 
256
0.210464
0.2088
0.215264
0.209184
0.21024
0.209504
0.21216
0.218016
0.215648
0.215488
 
512
1.4767
1.46653
1.4681
1.47626
1.47594
1.4649
1.46458
1.4657
1.4681
1.47008
 
1024
11.6448
11.6366
11.636
11.6447
11.6404
11.6491
11.6527
11.6423
11.6496
11.6394
 
2048
92.5653
92.6004
92.5998
92.5996
92.6194
92.6171
92.6102
92.5921
92.6209
92.6207
 
4096
656.426
663.041
658.261
663.151
659.818
661.216
657.834
659.727
660.547
659.587
 
8192
5098.34
5100.82
5103.18
5101.32
5101.59
5100.32
5119.41
5103.53
5101.92
5103.94
 
