32
0.03488
0.036384
0.035488
0.0344
0.036064
0.031104
0.030848
0.032928
0.02992
0.033376
 
64
0.047264
0.04576
0.046496
0.045024
0.048864
0.05008
0.048544
0.048992
0.048416
0.047008
 
128
0.126848
0.127424
0.128928
0.128672
0.127232
0.125984
0.126304
0.126464
0.126528
0.1312
 
256
0.73104
0.72736
0.72688
0.726304
0.726496
0.727808
0.728832
0.727872
0.726624
0.732704
 
512
5.52755
5.52659
5.52672
5.52685
5.52672
5.5256
5.52467
5.52726
5.52608
5.524
 
1024
50.553
50.5491
50.525
50.5471
50.5611
50.5766
50.5561
50.574
50.5582
50.5534
 
2048
386.306
388.219
385.872
388.191
388.143
388.448
386.352
384.222
388.463
385.769
 
4096
2862.73
2862
2861.58
2862.51
2859.72
2862.61
2863.29
2862.89
2861.05
2862.69
 
8192
22386.9
22447.1
22605.1
22872.7
22958.5
23020.3
22969.2
23003.2
22977.2
23015.8
 
