32
0.032608
0.03168
0.031648
0.033504
0.032512
0.033024
0.03392
0.034368
0.033312
0.032
 
64
0.035744
0.035712
0.047328
0.036544
0.03344
0.034144
0.031616
0.034496
0.032896
0.032768
 
128
0.046016
0.048544
0.04928
0.050176
0.049792
0.04912
0.045504
0.045472
0.046848
0.049536
 
256
0.116768
0.116032
0.115328
0.120192
0.115168
0.116928
0.11504
0.127264
0.117024
0.116672
 
512
0.67232
0.6824
0.676896
0.686144
0.684672
0.673184
0.685568
0.69824
0.675968
0.686848
 
1024
5.00586
4.99203
4.99002
4.98403
4.98912
4.9864
4.98973
4.99581
4.9977
4.9848
 
2048
39.4685
39.483
39.4784
39.4938
39.4793
39.4812
39.4873
39.5093
39.4856
39.4707
 
4096
300.36
300.142
302.391
302.814
303.002
302.826
300.119
300.842
302.572
301.601
 
8192
2131.59
2127.64
2132.29
2129.15
2131.4
2133.55
2129.87
2127.19
2132.47
2128.89
 
