32
0.028032
0.02992
0.0304
0.028736
0.028832
0.02912
0.030176
0.030144
0.0296
0.030592
 
64
0.030912
0.03072
0.030816
0.031904
0.030496
0.030592
0.032576
0.030656
0.03568
0.034848
 
128
0.046976
0.047424
0.05216
0.047104
0.044
0.043136
0.045312
0.043488
0.044256
0.04384
 
256
0.126144
0.136
0.127296
0.134304
0.128032
0.127136
0.135712
0.127616
0.127136
0.126816
 
512
0.84864
0.849472
0.848512
0.84848
0.852192
0.85312
0.85328
0.853024
0.852
0.849984
 
1024
6.58656
6.5887
6.59005
6.58797
6.5887
6.60912
6.5889
6.59014
6.59571
6.59485
 
2048
52.3794
52.3671
52.3915
52.3607
52.3782
52.4049
52.4005
52.4136
52.3801
52.4277
 
4096
391.559
390.034
391.663
388.852
391.104
393.364
393.41
389.655
388.162
393.429
 
8192
2818.19
2818.22
2817.61
2818.14
2818.49
2812.45
2813.99
2814.79
2814.77
2817.05
 
