32
0.045312
0.045376
0.045184
0.046784
0.046848
0.044416
0.045024
0.044704
0.046752
0.045632
 
64
0.103264
0.104288
0.106752
0.106528
0.104832
0.105664
0.105248
0.110272
0.111136
0.10816
 
128
0.590016
0.588896
0.587552
0.586464
0.584864
0.584128
0.591232
0.585504
0.584096
0.599936
 
256
4.32688
4.34064
4.32883
4.32646
4.33104
4.33002
4.3297
4.32883
4.32976
4.32803
 
512
34.1495
34.1351
34.167
34.1658
34.136
34.1561
34.6334
34.1638
34.1646
34.1659
 
1024
315.26
316.385
314.25
316.364
316.101
316.135
316.281
316.32
313.76
316.325
 
2048
2270.72
2269.05
2269.29
2268.81
2266.22
2268.99
2268.37
2268.61
2267.78
2266.69
 
4096
18515.9
19005.1
19695.3
19793.9
19897.9
19913.9
19995.4
19996.2
20010.4
20093.3
 
8192
163035
163082
163155
163019
163149
163254
163317
163286
163225
163231
 
