32
0.029344
0.030944
0.030272
0.030368
0.02912
0.028704
0.034176
0.03216
0.033696
0.032768
 
64
0.033248
0.032768
0.031808
0.032704
0.032032
0.032224
0.03248
0.03568
0.036096
0.03568
 
128
0.057408
0.058976
0.056032
0.055168
0.056608
0.055968
0.053472
0.057536
0.054656
0.067872
 
256
0.202976
0.207264
0.209056
0.207968
0.206976
0.208928
0.205632
0.206528
0.204896
0.204544
 
512
1.43158
1.4311
1.43066
1.43776
1.43123
1.43523
1.43469
1.4393
1.43322
1.43267
 
1024
11.5507
11.5463
11.5422
11.5578
11.5479
11.5445
11.5401
11.5411
11.5496
11.5481
 
2048
91.8469
91.8442
91.8349
91.8051
91.8657
91.8333
91.8382
91.8561
91.85
91.8644
 
4096
658.016
659.411
658.171
659.905
659.758
656.454
658.166
656.403
658.315
657.586
 
8192
5100.33
5100.05
5100.82
5091.98
5096.02
5100.68
5100.39
5097.06
5099.66
5095.22
 
