32
0.03008
0.029504
0.030368
0.029952
0.029376
0.028832
0.02896
0.030944
0.030144
0.031296
 
64
0.03264
0.033056
0.035072
0.032128
0.033216
0.033824
0.03184
0.034496
0.032224
0.03728
 
128
0.049344
0.049216
0.051552
0.048224
0.045792
0.045088
0.04736
0.046496
0.045216
0.046304
 
256
0.110208
0.112544
0.116064
0.114912
0.116928
0.11536
0.119296
0.116288
0.115296
0.110976
 
512
0.676672
0.676672
0.676064
0.676256
0.677632
0.676736
0.676032
0.67936
0.68304
0.68352
 
1024
5.03603
5.03654
5.03213
5.03331
5.0312
5.02755
5.0303
5.03184
5.03117
5.03616
 
2048
39.8135
39.8038
39.8281
39.8377
39.8276
39.8332
39.8204
39.829
39.8421
39.83
 
4096
304.452
304.031
305.39
304.894
303.59
303.066
304.772
303.631
305.508
305.301
 
8192
2139.4
2141.58
2143
2144.76
2143.2
2142.31
2144.95
2142.96
2144.34
2146.98
 
