32
0.03024
0.032512
0.030144
0.031968
0.037056
0.034944
0.048352
0.034112
0.03504
0.04704
 
64
0.034432
0.032544
0.033792
0.03136
0.032224
0.031936
0.036256
0.03616
0.036
0.038112
 
128
0.049824
0.047168
0.048256
0.048512
0.045472
0.045664
0.046336
0.046336
0.051008
0.052928
 
256
0.1304
0.128416
0.129088
0.150336
0.132064
0.128448
0.12416
0.12624
0.126816
0.126848
 
512
0.825856
0.833504
0.81824
0.824
0.823424
0.824224
0.82528
0.822752
0.818432
0.827424
 
1024
6.49594
6.48477
6.48851
6.49219
6.4903
6.48643
6.49987
6.48794
6.49386
6.49702
 
2048
51.6052
51.5746
51.5723
51.6203
51.6351
51.5998
51.5998
51.6006
51.596
51.596
 
4096
385.517
381.676
383.651
384.663
385.001
385.247
387.375
387.842
382.852
387.089
 
8192
2759.96
2757.86
2757.43
2762.88
2761.8
2762.65
2760.39
2762.37
2761.43
2757.66
 
