32
0.046336
0.045408
0.044672
0.045728
0.045152
0.043744
0.055296
0.044384
0.043072
0.047424
 
64
0.111616
0.1152
0.116576
0.112448
0.112256
0.112608
0.111872
0.114592
0.112416
0.113088
 
128
0.629376
0.631936
0.631168
0.630304
0.63328
0.6344
0.632192
0.630176
0.63152
0.633088
 
256
4.6983
4.71162
4.7079
4.70682
4.69834
4.69782
4.70586
4.70234
4.70531
4.70384
 
512
37.2015
37.1949
37.1842
37.2075
37.1852
37.1978
37.215
37.1828
37.1818
37.1717
 
1024
340.229
339.419
339.502
340.961
340.154
341.207
340.482
339.975
339.75
339.588
 
2048
2461.63
2462.95
2461.73
2460.28
2461.59
2462.12
2461.6
2461.49
2463.41
2462.04
 
4096
20034.1
20035.4
20032.7
20119.1
20108.1
20107
20102.2
20307
20412
20535.5
 
8192
176773
178255
178414
178562
178478
178502
178617
178688
178597
178804
 
