32
0.036448
0.03552
0.034464
0.034432
0.031552
0.0312
0.032704
0.031456
0.031616
0.03104
 
64
0.047616
0.046528
0.0496
0.048288
0.0552
0.04992
0.051904
0.050336
0.05072
0.050112
 
128
0.135616
0.135904
0.137824
0.136224
0.134304
0.134816
0.132416
0.136288
0.136256
0.133888
 
256
0.777856
0.78016
0.777312
0.782112
0.781376
0.790368
0.781056
0.781088
0.780128
0.785472
 
512
5.92902
5.92707
5.9255
5.92566
5.9287
5.92886
5.92646
5.92646
5.93946
5.92611
 
1024
53.6838
53.6668
53.6755
53.6764
53.6899
53.6994
53.6767
53.6806
53.6999
53.6725
 
2048
409.424
409.329
406.743
408.905
409.194
407.082
411.376
409.31
409.919
409.536
 
4096
3005.27
3003.33
3004.92
3002.18
3008.35
3002.85
3004.29
3007.99
3002.51
3004.43
 
8192
23524.5
23703.5
24192.5
24157.3
24310.1
24310.5
24394.8
24328
24340.5
24384.2
 
