32
0.03072
0.029472
0.030368
0.029696
0.029664
0.029664
0.030304
0.028768
0.029952
0.031712
 
64
0.035232
0.035168
0.036896
0.035712
0.038784
0.035712
0.035648
0.033024
0.032256
0.03248
 
128
0.048064
0.04656
0.0464
0.046208
0.054912
0.046112
0.046752
0.046784
0.04784
0.046784
 
256
0.1128
0.111008
0.110144
0.114784
0.114368
0.121344
0.115712
0.118016
0.116512
0.116576
 
512
0.68064
0.68304
0.684192
0.683072
0.678688
0.676928
0.67968
0.682752
0.681568
0.684288
 
1024
5.05536
5.04019
5.03379
5.03018
5.0383
5.02691
5.02365
5.03235
5.02736
5.02554
 
2048
39.7993
39.7732
39.794
39.7795
39.8407
39.7724
39.8093
39.8079
39.8198
39.8485
 
4096
302.538
304.887
303.691
302.258
301.964
302.364
304.072
301.943
305.133
302.263
 
8192
2140.29
2146.06
2140.66
2143.61
2142.03
2141.16
2145.03
2142.88
2139.58
2136.35
 
