32
0.032
0.031712
0.032352
0.03264
0.034112
0.032352
0.031456
0.032736
0.032384
0.02896
 
64
0.034368
0.033632
0.032416
0.031488
0.032384
0.03264
0.033696
0.037504
0.031296
0.032192
 
128
0.058624
0.056736
0.061472
0.059296
0.055584
0.054656
0.056192
0.054304
0.05616
0.06064
 
256
0.207552
0.208256
0.206176
0.207584
0.207648
0.209664
0.208064
0.214528
0.207488
0.20688
 
512
1.43626
1.43584
1.43629
1.43808
1.43795
1.43309
1.43894
1.43507
1.432
1.4336
 
1024
11.5483
11.5501
11.5493
11.5535
11.5482
11.5455
11.5536
11.5568
11.5505
11.5509
 
2048
91.8648
91.8552
91.867
91.8343
91.8783
91.9013
91.9102
91.9276
91.921
91.8704
 
4096
657.49
659.371
658.752
657.237
657.344
659.993
657.926
657.883
659.68
655.85
 
8192
5100.81
5102.05
5101.2
5099.81
5099.98
5100.3
5099.02
5099.82
5098.49
5101.57
 
