32
0.045632
0.043712
0.049248
0.048736
0.047968
0.047808
0.048512
0.04448
0.043552
0.044256
 
64
0.126688
0.11088
0.113696
0.11376
0.11504
0.114432
0.115264
0.11696
0.113504
0.117728
 
128
0.636896
0.632448
0.633856
0.633152
0.635424
0.634112
0.633632
0.638304
0.638496
0.638496
 
256
4.7161
4.7105
4.71062
4.7112
4.71235
4.7088
4.70778
4.70941
4.70438
4.70963
 
512
37.3313
37.3001
37.3109
37.3098
37.2892
37.3027
37.314
37.2982
37.3227
37.2985
 
1024
341.109
340.955
341.297
340.963
342.521
340.863
339.939
342.022
341.388
340.886
 
2048
2462.53
2461.14
2462
2458.74
2463.72
2462.98
2459.4
2460.2
2459.15
2460.35
 
4096
20134.8
20828.4
21517.2
21643.8
21687.6
21780.6
21823.8
21822.9
21899.3
21840
 
8192
178694
178762
178713
178586
178509
178641
178620
178739
178691
178609
 
