32
0.033696
0.0448
0.030048
0.029632
0.03312
0.028672
0.031552
0.030592
0.031296
0.030336
 
64
0.036096
0.037056
0.036256
0.052128
0.037984
0.036864
0.032832
0.032128
0.033824
0.033472
 
128
0.046784
0.046368
0.046912
0.050624
0.046208
0.04592
0.047776
0.046624
0.046848
0.04848
 
256
0.124704
0.12656
0.124832
0.125952
0.124128
0.130464
0.129664
0.128256
0.128288
0.134304
 
512
0.82624
0.832032
0.824832
0.823488
0.830624
0.825728
0.828896
0.82704
0.825888
0.823936
 
1024
6.48787
6.4984
6.48765
6.47581
6.49347
6.48214
6.47862
6.48029
6.48147
6.49283
 
2048
51.5604
51.5222
51.5652
51.5634
51.5374
51.6072
51.5612
51.5925
51.6075
51.5673
 
4096
386.236
387.405
384.809
386.24
387.382
387.552
380.392
384.751
388.208
385.248
 
8192
2762.22
2759.06
2762.18
2763.17
2757.78
2761.68
2763.26
2761.89
2759.29
2758.74
 
