32
0.031072
0.031168
0.03392
0.036
0.034816
0.036224
0.033824
0.03184
0.031104
0.045568
 
64
0.048512
0.05824
0.048352
0.047488
0.070816
0.046816
0.048608
0.04784
0.04688
0.047616
 
128
0.132896
0.131936
0.13184
0.132768
0.132448
0.137184
0.138112
0.137376
0.136288
0.134784
 
256
0.778976
0.778944
0.77856
0.775616
0.77792
0.781856
0.780576
0.776992
0.777152
0.776704
 
512
5.92822
5.92941
5.93843
5.92768
5.92896
5.92896
5.92605
5.92374
5.93958
5.92608
 
1024
53.6874
53.7071
53.7179
53.6558
53.702
53.7027
53.6991
53.6719
53.7575
53.7432
 
2048
408.009
409.318
410.009
408.975
406.837
409.401
409.484
409.555
406.428
410.67
 
4096
3007.36
3002.23
3002.42
3002.81
3005.56
3003.12
3004.89
3004.77
3007.91
3005.34
 
8192
23516.2
23587.5
24017.7
24187
24221.7
24183
24220.2
24256.4
24267.3
24280.7
 
