32
0.03328
0.029664
0.028224
0.028096
0.027296
0.02752
0.026976
0.028096
0.029152
0.028032
 
64
0.076672
0.077792
0.076992
0.070688
0.073536
0.071968
0.071808
0.071264
0.073376
0.071968
 
128
0.430688
0.437792
0.435488
0.42816
0.439648
0.437632
0.432416
0.438304
0.445056
0.449312
 
256
4.65674
4.66704
4.66096
4.66797
4.65491
4.64845
4.66634
4.64419
4.66102
4.66349
 
512
40.4584
40.4599
40.458
40.4525
40.4549
40.4621
40.4644
40.4625
40.4539
40.4671
 
1024
326.119
322.679
326.119
323.606
326.116
322.832
326.214
326.668
332.418
322.708
 
2048
2575.02
2575.05
2575.07
2575.84
2574.98
2575.33
2575.82
2575.68
2574.97
2574.88
 
