32
0.157536
0.157792
0.155392
0.155872
0.15936
0.155808
0.1544
0.160192
0.160832
0.158144
 
64
1.05242
1.05235
1.05178
1.0536
1.04867
1.0504
1.0473
1.04563
1.04704
1.04861
 
128
10.7521
10.7575
10.762
10.7505
10.7651
10.7554
10.7473
10.75
10.7607
10.7697
 
256
124.624
124.749
125.098
125.102
124.755
124.909
124.753
124.909
125.075
125.081
 
512
997.783
996.458
996.967
997.901
997.837
996.895
997.105
997.087
996.626
997.243
 
1024
9254.48
9254.37
9253.6
9253.91
9254.29
9253.4
9254.02
9254.17
9254.03
9253.84
 
2048
75762.6
75764.4
75762.7
75764.8
75762.9
75762.9
75760.1
75763.7
75762.2
75763.7
 
