32
0.022944
0.042912
0.043008
0.045664
0.04912
0.043584
0.04384
0.050912
0.043776
0.042656
 
64
0.152864
0.152192
0.151552
0.15104
0.155296
0.151776
0.15104
0.173152
0.150368
0.152192
 
128
1.10854
1.10787
1.10938
1.10509
1.09827
1.0991
1.09846
1.09958
1.09651
1.09571
 
256
11.9981
11.9992
11.9954
11.9942
12.001
12.0026
11.998
11.997
12.003
11.9993
 
512
104.612
104.603
104.605
104.598
104.595
104.606
104.599
104.61
104.596
104.608
 
1024
860.557
860.562
860.55
860.54
860.558
860.542
860.606
860.572
860.578
860.545
 
2048
6874.62
6874.86
6874.76
6874.58
6874.81
6874.65
6874.83
6874.76
6874.62
6874.75
 
