32
0.059648
0.060064
0.062656
0.063072
0.064704
0.063968
0.063968
0.065696
0.060832
0.05904
 
64
0.16816
0.167648
0.167648
0.169472
0.168736
0.170144
0.173696
0.169536
0.173664
0.173472
 
128
0.602624
0.6016
0.601984
0.597664
0.596864
0.602816
0.594912
0.601632
0.5944
0.597664
 
256
2.40451
2.41462
2.41107
2.4215
2.41418
2.41667
2.41798
2.41584
2.41491
2.42186
 
512
19.8926
19.9538
19.8909
19.8929
19.8917
19.8979
19.8991
19.8874
19.9135
19.9081
 
1024
161.131
161.214
161.229
161.287
161.219
161.218
161.186
161.236
161.193
161.239
 
2048
1141.76
1140.42
1140.13
1141.53
1140.8
1141.17
1139.56
1140.97
1141.3
1139.91
 
