32
0.121632
0.121152
0.11856
0.126656
0.12064
0.123136
0.119744
0.116832
0.115584
0.117504
 
64
0.74496
0.74288
0.741728
0.742688
0.742752
0.743136
0.760064
0.741184
0.741184
0.741952
 
128
6.26854
6.27264
6.27469
6.27664
6.27731
6.27565
6.27984
6.27862
6.28083
6.2743
 
256
63.65
63.8122
63.7251
63.7365
63.6445
63.5174
63.6894
63.6462
63.5785
63.6697
 
512
539.659
476.738
463.626
463.554
463.508
463.544
463.612
463.581
463.536
463.545
 
1024
4701.22
4701.2
4701.04
4701.2
4701.04
4701.18
4701.1
4701.11
4701.17
4701.11
 
