32
0.053472
0.052608
0.053184
0.05296
0.053856
0.054528
0.053984
0.053568
0.05344
0.052992
 
64
0.188992
0.190144
0.187968
0.189376
0.188192
0.18976
0.189824
0.190464
0.188128
0.198304
 
128
1.49872
1.49709
1.49786
1.49683
1.49594
1.49805
1.49846
1.49757
1.49766
1.49837
 
256
17.2762
17.2774
17.2697
17.2695
17.272
17.268
17.2711
17.2653
17.2784
17.263
 
512
151.568
151.63
151.582
151.586
151.643
151.593
151.561
151.571
151.621
151.578
 
1024
1240.72
1240.67
1240.93
1240.9
1240.94
1240.93
1240.72
1240.91
1240.99
1240.77
  
