32
0.094976
0.096
0.09584
0.096672
0.0952
0.095392
0.100608
0.100192
0.098272
0.100736
 
64
0.316992
0.318112
0.314784
0.317536
0.318176
0.318656
0.320032
0.321248
0.318848
0.321888
 
128
1.21878
1.2209
1.21482
1.21251
1.21232
1.22042
1.20989
1.20419
1.20768
1.2105
 
256
4.62074
4.61709
4.62656
4.62765
4.62947
4.62829
4.62934
4.62445
4.62419
4.62214
 
512
19.3228
19.3099
19.3155
19.3083
19.3261
19.3109
19.3255
19.3135
19.309
19.3324
 
1024
166.292
166.141
166.082
166.156
166.185
166.165
166.13
165.973
166.162
166.189
 
2048
1146.35
1146.57
1146.21
1148.06
1146.72
1146.43
1145.19
1146.2
1144.88
1147.22
 
