32
0.031648
0.028736
0.032512
0.02896
0.034688
0.033184
0.030336
0.027744
0.027456
0.02608
 
64
0.04352
0.04336
0.05856
0.046016
0.043904
0.043808
0.042048
0.04304
0.041792
0.041664
 
128
0.217504
0.221376
0.22848
0.22448
0.231296
0.223072
0.22112
0.223744
0.222496
0.224928
 
256
2.04784
2.03699
2.04646
2.04765
2.04096
2.04531
2.05174
2.04397
2.04653
2.04621
 
512
16.9803
16.9787
16.9939
16.9914
17.0005
17.0023
16.9924
16.9778
16.9974
16.991
 
1024
135.217
135.241
135.182
135.218
135.334
135.209
135.247
135.175
135.275
135.212
 
2048
1081.97
1081.95
1082.06
1081.95
1082.07
1081.99
1081.87
1081.91
1081.98
1082.01
 
