32
0.037824
0.033888
0.056672
0.03824
0.035264
0.035488
0.03728
0.034432
0.035232
0.033024
 
64
0.073504
0.074592
0.075584
0.074912
0.075648
0.079968
0.078976
0.07888
0.079968
0.076
 
128
0.460864
0.463968
0.4688
0.467488
0.46032
0.458528
0.4632
0.45552
0.455392
0.465856
 
256
5.37754
5.37843
5.37686
5.37814
5.37827
5.37869
5.38554
5.38794
5.38125
5.37894
 
512
42.9203
42.9374
42.934
42.8849
42.9122
42.9202
42.9353
42.8962
42.9174
42.8919
 
1024
344.791
344.604
344.954
344.933
344.701
344.852
344.657
344.507
344.846
345.051
 
2048
2479.52
2481.44
2479.54
2479.84
2479.16
2480.77
2479.77
2479.71
2478.93
2479.7
 
