32
0.031808
0.027584
0.03536
0.029856
0.027168
0.025152
0.02976
0.032512
0.028192
0.026048
 
64
0.061088
0.059712
0.060064
0.064608
0.059808
0.065536
0.063456
0.061152
0.067488
0.064032
 
128
0.367008
0.372448
0.369056
0.36992
0.36208
0.368096
0.36064
0.36768
0.367808
0.368352
 
256
3.74458
3.75443
3.74742
3.73568
3.74934
3.75411
3.7303
3.73306
3.7487
3.74986
 
512
32.2835
32.3547
32.2948
32.3138
32.2814
32.2432
32.2334
32.2431
32.3924
32.3719
 
1024
258.16
259.15
258.881
258.112
258.149
258.545
259.142
257.925
257.696
258.741
 
2048
2073.08
2070.98
2071.01
2070.72
2072.8
2072.4
2070.98
2071.35
2070.72
2071.93
 
