32
0.032832
0.031136
0.030848
0.02864
0.02928
0.029152
0.02928
0.02896
0.028928
0.029824
 
64
0.058336
0.058592
0.0648
0.061696
0.060256
0.063552
0.063264
0.060896
0.066272
0.063008
 
128
0.38016
0.379232
0.372256
0.374752
0.371008
0.374432
0.370208
0.368192
0.36336
0.368672
 
256
3.55725
3.55635
3.55789
3.55357
3.55648
3.55395
3.56141
3.5607
3.5664
3.56307
 
512
28.9942
29.0052
28.9883
29.006
28.9988
29.0087
29.0216
28.9772
28.9757
28.9936
 
1024
229.118
229.183
229.194
229.171
229.154
229.215
229.244
229.146
229.175
229.31
 
2048
1854.77
1854.67
1855.03
1854.59
1854.64
1854.67
1854.82
1854.75
1854.66
1854.64
 
