32
0.078336
0.079136
0.077376
0.077152
0.07744
0.076704
0.077344
0.077056
0.077056
0.07696
 
64
0.477376
0.477344
0.478016
0.47712
0.478208
0.467872
0.477312
0.47952
0.478272
0.478848
 
128
4.76867
4.76906
4.7679
4.77002
4.76838
4.77206
4.76992
4.7735
4.78077
4.77184
 
256
55.1786
55.1489
55.1784
55.1321
55.1559
55.1532
55.2086
55.1765
55.1514
55.1827
 
512
472.534
472.72
472.433
472.593
472.636
472.529
472.478
472.749
472.401
472.6
 
1024
4722.66
4722.58
4722.57
4722.55
4722.57
4722.71
4722.72
4722.64
4722.69
4722.67
 
