32
0.02832
0.03952
0.02672
0.0248
0.024416
0.033184
0.027232
0.027584
0.026624
0.027584
 
64
0.047424
0.0472
0.050272
0.05072
0.051456
0.052064
0.052672
0.048512
0.046848
0.04736
 
128
0.217472
0.222976
0.226112
0.214688
0.2296
0.220896
0.218752
0.225888
0.225568
0.233568
 
256
1.89229
1.88838
1.88275
1.88093
1.89808
1.8935
1.89818
1.8935
1.89427
1.88931
 
512
16.9399
16.8705
16.9404
16.9294
16.8712
16.9132
16.954
16.881
16.9086
16.9284
 
1024
145.384
145.412
145.388
145.392
145.374
145.367
145.4
165.461
165.526
165.452
 
2048
1234.64
1174.52
1174.48
1174.5
1174.58
1174.62
1174.42
1174.66
1174.45
1174.34
 
