32
0.032768
0.036672
0.034976
0.033248
0.031936
0.032608
0.035872
0.031872
0.035104
0.031552
 
64
0.106912
0.10512
0.106592
0.10192
0.104256
0.099008
0.101504
0.101888
0.098816
0.101344
 
128
0.866336
0.866848
0.872064
0.867072
0.87264
0.86896
0.865312
0.863872
0.869056
0.871872
 
256
10.574
10.5626
10.5055
10.5301
10.5193
10.5849
10.5415
10.5536
10.5312
10.6058
 
512
84.0847
84.1336
83.9762
83.9649
84.1628
84.0251
84.3081
83.8105
83.9487
84.088
 
1024
649.882
648.284
649.302
649.436
648.826
650.593
649.862
648.618
649.044
649.902
 
2048
4777.33
4776.28
4778.26
4779.24
4780.75
4777
4781.2
4778.67
4777.24
4777.84
 
