32
0.029184
0.027488
0.027648
0.027776
0.028704
0.027424
0.02688
0.02736
0.026688
0.026464
 
64
0.058304
0.057856
0.058144
0.057568
0.057952
0.057568
0.0584
0.062496
0.059776
0.060832
 
128
0.319264
0.317376
0.317568
0.331328
0.322176
0.323328
0.327456
0.326208
0.32768
0.329888
 
256
2.77488
2.77296
2.77664
2.79974
2.77686
2.77062
2.77904
2.7825
2.78166
2.78362
 
512
23.0491
23.1708
23.0584
22.9442
23.0939
23.1618
23.0573
23.1484
23.0729
23.0682
 
1024
196.227
196.187
196.304
196.25
196.197
196.249
196.196
196.257
196.277
196.222
 
2048
1382.26
1386.06
1384.48
1384.98
1385
1384.14
1384.83
1384.83
1384.01
1385.19
 
