32
0.029984
0.028032
0.025536
0.024992
0.02304
0.030176
0.027616
0.030944
0.0264
0.025696
 
64
0.036608
0.036864
0.035264
0.040768
0.038624
0.036608
0.036672
0.036256
0.035072
0.035872
 
128
0.133728
0.140064
0.138816
0.145184
0.14656
0.14816
0.142976
0.138848
0.136544
0.136832
 
256
0.999168
1.00054
0.997408
1.00029
1.00278
0.998624
1.00083
1.00035
0.998048
1.0001
 
512
7.93418
7.93504
7.92384
7.91821
7.91293
7.9297
7.92813
7.93536
7.92467
7.91683
 
1024
63.9271
63.9004
63.9256
63.9236
63.9265
63.9288
63.9145
63.9167
63.9206
63.9195
 
2048
511.392
511.325
511.332
511.293
511.367
511.409
511.284
511.329
511.35
511.347
 
