32
0.031264
0.030784
0.031008
0.031232
0.030944
0.03184
0.031424
0.031072
0.031232
0.03152
 
64
0.041824
0.044576
0.042784
0.043072
0.042848
0.044224
0.042976
0.042528
0.042048
0.04288
 
128
0.159648
0.159392
0.155136
0.15984
0.155968
0.15952
0.159744
0.158944
0.156064
0.156352
 
256
1.05216
1.05011
1.056
1.05085
1.05382
1.05203
1.05754
1.05037
1.05152
1.05181
 
512
8.86067
8.85885
8.86502
8.85744
8.85664
8.85555
8.85117
8.848
8.84966
8.84378
 
1024
70.2659
70.2395
70.2529
70.243
70.2471
70.2582
70.2689
70.2678
70.2748
70.2661
 
2048
559.397
559.326
559.347
559.34
559.349
559.385
559.349
559.342
559.367
559.354
 
