32
0.031328
0.026848
0.026112
0.024832
0.02512
0.023616
0.023616
0.029376
0.028608
0.029248
 
64
0.053536
0.050944
0.086368
0.049088
0.053504
0.049568
0.054304
0.050848
0.048992
0.048416
 
128
0.24576
0.244032
0.244576
0.25616
0.25728
0.257984
0.257024
0.257184
0.250048
0.257856
 
256
2.13558
2.13664
2.13574
2.13482
2.13389
2.13408
2.136
2.13578
2.13418
2.13654
 
512
18.8603
18.8601
18.866
18.8779
18.8779
18.8794
18.8616
18.8768
18.8749
18.8779
 
1024
152.347
152.337
152.358
152.37
152.348
152.36
152.369
152.36
152.373
152.367
 
2048
1194.07
1194.2
1194.16
1194.3
1194.15
1194.17
1194.17
1194.17
1194.23
1194.17
 
