32
0.053248
0.052896
0.053344
0.052544
0.051936
0.053056
0.05296
0.05248
0.051808
0.051968
 
64
0.183392
0.183168
0.183968
0.183968
0.183104
0.184
0.183232
0.183712
0.183712
0.183424
 
128
1.3985
1.39859
1.39738
1.39798
1.39926
1.39882
1.39696
1.39619
1.39802
1.39638
 
256
13.7357
13.7449
13.7338
13.7454
13.7338
13.7418
13.7324
13.7263
13.734
13.7332
 
512
116.028
116.027
116.009
116.013
116.039
115.999
115.984
115.994
115.981
116.003
 
1024
972.402
972.381
972.397
972.412
972.403
972.415
972.426
972.431
972.409
972.407
 
2048
7760.24
7760.13
4: Async kernel error: the launch timed out and was terminated
0
7760.48
7760.22
7760.21
7759.99
7760.12
7760.21
7760.19
 
