32
0.041056
0.041952
0.039264
0.039072
0.039136
0.038624
0.03952
0.038944
0.038336
0.040128
 
64
0.179648
0.178688
0.178976
0.178272
0.189248
0.180768
0.178816
0.183872
0.183424
0.184448
 
128
1.42813
1.42614
1.43325
1.42848
1.43366
1.4352
1.43923
1.43792
1.4304
1.43437
 
256
14.0069
14.0078
14.0087
14.0082
14.0007
14.008
14.0068
14.0114
14.0124
14.0051
 
512
118.427
118.397
118.425
118.42
118.391
118.406
118.42
118.41
118.394
118.381
 
1024
958.151
958.181
958.138
958.197
958.156
958.19
958.21
958.186
958.186
958.155
 
2048
7652.76
7652.78
7652.71
7652.6
7652.75
7652.65
7652.64
7652.82
7652.75
7652.72
 
