32
0.02816
0.027008
0.025088
0.028384
0.03168
0.027296
0.029152
0.025088
0.024544
0.023328
 
64
0.03744
0.035904
0.044704
0.036128
0.035616
0.038528
0.03696
0.039168
0.036768
0.035872
 
128
0.137984
0.13824
0.140064
0.15488
0.147552
0.14416
0.1448
0.143488
0.140832
0.139712
 
256
1.03206
1.03152
1.02963
1.03254
1.03248
1.03178
1.03005
1.03152
1.0337
1.03664
 
512
8.11517
8.11798
8.11629
8.10854
8.10362
8.12915
8.10726
8.10512
8.08371
8.11379
 
1024
64.3641
64.3521
64.3636
64.354
64.3506
64.3853
64.3626
64.3596
64.3747
75.6794
 
2048
619.313
540.454
515.998
515.339
515.356
515.221
515.475
515.322
515.387
515.376
 
