32
0.037088
0.037056
0.036544
0.037824
0.038432
0.036032
0.03616
0.035584
0.035744
0.035776
 
64
0.060832
0.062016
0.060352
0.060992
0.060864
0.0616
0.059968
0.060544
0.060832
0.060576
 
128
0.267808
0.265536
0.269504
0.26672
0.267424
0.26656
0.267392
0.268256
0.266048
0.266336
 
256
2.15632
2.13293
2.13306
2.13597
2.14707
2.13347
2.13933
2.13536
2.13914
2.13107
 
512
17.7475
17.705
17.7214
17.8075
17.7448
17.6863
17.7424
17.7351
17.7306
17.7556
 
1024
141.322
141.389
153.787
164.589
164.578
164.557
164.852
164.92
164.924
164.542
 
2048
1255.35
1125.89
1126.12
1126.02
1125.84
1126.02
1126.07
1126.02
1125.98
1126.11
 
