32
0.025792
0.024192
0.023616
0.024544
0.0288
0.02752
0.02624
0.02416
0.024992
0.024864
 
64
0.03696
0.036032
0.037152
0.046784
0.03744
0.0408
0.038336
0.037696
0.036384
0.03648
 
128
0.143424
0.149824
0.145856
0.14448
0.155392
0.152992
0.14448
0.143712
0.149376
0.146368
 
256
1.03491
1.03482
1.03571
1.03558
1.03712
1.03514
1.03456
1.03494
1.03478
1.03587
 
512
8.39632
8.39642
8.39174
8.39005
8.3977
8.39133
8.39552
8.39242
8.39059
8.39027
 
1024
67.9957
68.0032
67.9939
67.9944
67.9696
67.9884
68.0114
67.9819
80.4197
80.4141
 
2048
596.832
550.471
526.028
525.968
525.958
526.064
525.969
526.041
525.956
525.996
 
