32
0.195808
0.195584
0.193152
0.19232
0.193888
0.191456
0.189568
0.197536
0.19776
0.19648
 
64
0.67008
0.670496
0.665952
0.666176
0.664704
0.666496
0.663168
0.667456
0.664128
0.665056
 
128
2.50272
2.49715
2.4935
2.49824
2.49965
2.49952
2.50381
2.50218
2.50307
2.49834
 
256
11.9414
11.9304
11.9388
11.9335
11.9365
11.9365
11.939
11.9358
11.933
11.93
 
1024
194.631
194.607
194.665
194.552
194.507
194.609
194.649
194.672
194.623
194.48
 
2048
1384.34
1385.25
1385.47
1385.46
1385.05
1384.02
1385.06
1384.34
1383.15
1385.34
 
