32
0.089216
0.088704
0.091008
0.093376
0.090112
0.089728
0.090976
0.090688
0.094944
0.093056
 
64
0.561184
0.559456
0.56
0.557248
0.56064
0.560736
0.557408
0.563168
0.562464
0.561088
 
128
6.32157
6.32496
6.3313
6.32992
6.32122
6.32976
6.33091
6.32045
6.32221
6.32438
 
256
72.2828
72.1296
71.826
72.2933
72.1142
72.1283
71.9689
72.2998
72.1211
71.842
 
512
629.852
627.035
628.988
627.113
629.727
627.939
628.364
628.37
628.728
630.711
 
1024
4805.05
4802.75
4805.54
4803.13
4804.93
4803.68
4804.88
4803.96
4804.85
4803.62
 
2048
37912.7
37913.1
37913
37914.6
37911.8
37914.4
37912.8
38001.3
38079.7
38193.8
 
