32
0.040832
0.045088
0.042688
0.042912
0.042272
0.04592
0.045696
0.046432
0.043296
0.046208
 
64
0.0976
0.097344
0.095776
0.10176
0.099872
0.098208
0.095584
0.10096
0.097472
0.095456
 
128
0.321344
0.323232
0.325184
0.329984
0.326464
0.322112
0.31312
0.32224
0.31856
0.317824
 
256
2.8616
2.86451
2.8616
2.86278
2.86269
2.86294
2.86678
2.86387
2.86243
2.86122
 
512
22.6141
22.606
22.6077
22.596
22.6108
22.5944
22.6037
22.6188
22.6305
22.5888
 
1024
192.192
192.402
192.1
192.008
192.473
191.882
192.227
192.353
192.498
192.309
 
2048
1389.1
1377.05
1389.2
1389.47
1389.26
1379.68
1389.29
1387.73
1387.97
1385.52
 
