32
0.044672
0.041184
0.041696
0.0408
0.042368
0.045344
0.03968
0.036448
0.041024
0.041216
 
64
0.166528
0.168608
0.171552
0.170624
0.16656
0.16912
0.166144
0.167552
0.168032
0.167712
 
128
1.70067
1.69603
1.70253
1.7105
1.7001
1.70326
1.69898
1.70291
1.68979
1.70314
 
256
20.9095
19.4419
20.9023
20.882
20.8805
20.8943
20.8626
20.8875
20.8871
20.8749
 
512
165.996
166.011
166.054
166.018
166.003
165.974
166.03
166.027
166.011
166.001
 
1024
1238.07
1240.38
1239.73
1240.2
1239.89
1238.55
1241.12
1239.06
1239.66
1239.28
 
2048
9478.25
9479.76
9477.69
9476.56
9476.85
9477.04
9478.15
9478.88
9478.47
9479.43
 
