32
0.058112
0.062496
0.061888
0.057536
0.059936
0.0608
0.05744
0.059296
0.061152
0.058048
 
64
0.297568
0.292768
0.295808
0.293696
0.296768
0.292
0.293408
0.300544
0.291808
0.294688
 
128
3.38928
3.39235
3.38714
3.39085
3.39322
3.38368
3.39174
3.38957
3.37667
3.38579
 
256
38.2342
38.2266
38.2419
38.2275
38.2341
38.1944
38.2144
38.2274
38.2016
38.2365
 
512
332.358
332.402
332.355
332.4
332.331
332.349
332.306
332.36
332.377
332.375
 
1024
2422.25
2422.38
2422.58
2422.47
2422.12
2422.51
2421.73
2422.55
2422.27
2421.57
 
2048
18901
18900.8
18898.8
18900.8
18899.1
18900
18899.6
18899.9
18899.1
18899.6
 
