32
0.025184
0.024032
0.023872
0.024224
0.026464
0.02656
0.024992
0.023936
0.024896
0.02656
 
64
0.05264
0.050912
0.049664
0.048832
0.048352
0.049568
0.049056
0.05264
0.049952
0.04944
 
128
0.24496
0.248736
0.249664
0.247968
0.254944
0.259104
0.250976
0.248448
0.249472
0.247392
 
256
2.12259
2.12768
2.12714
2.12614
2.12538
2.12634
2.13322
2.13142
2.12678
2.12544
 
512
17.6987
17.7271
17.7303
17.7365
17.7138
17.7401
17.7424
17.7422
17.6972
17.7397
 
1024
141.343
141.342
141.519
141.52
141.306
141.367
153.87
153.499
153.5
153.513
 
2048
1186.08
1125.94
1125.9
1125.99
1125.85
1125.96
1126.02
1126.01
1125.96
1126.11
 
