32
0.139232
0.141536
0.144576
0.137536
0.133984
0.132864
0.131744
0.133024
0.132256
0.132448
 
64
0.909056
0.909344
0.909024
0.910528
0.913312
0.909888
0.90992
0.911808
0.910336
0.910048
 
128
8.08422
8.08547
8.08237
8.08416
8.08336
8.08845
8.08509
8.09222
8.10006
8.08426
 
256
81.2286
81.1746
81.2396
81.1872
81.263
81.2346
81.2234
81.2485
81.2967
81.2932
 
512
679.389
678.57
678.594
678.387
678.893
679.179
678.503
678.452
678.799
678.798
 
1024
6379.45
6379.7
6380.02
6379.69
6379.67
6379.52
6379.57
6379.83
6379.66
6379.51
 
