32
0.047872
0.044704
0.04496
0.041728
0.044576
0.042016
0.043744
0.041056
0.042688
0.041216
 
64
0.183424
0.181216
0.180192
0.180768
0.185824
0.186176
0.186304
0.18448
0.186816
0.183712
 
128
1.42982
1.44141
1.43792
1.43581
1.43469
1.43584
1.42966
1.43187
1.43661
1.43482
 
256
14.0116
14.0049
14.0045
14.0102
14.0087
14.01
14.0039
14.0041
13.9957
14.0094
 
512
118.419
118.427
118.418
118.405
118.426
118.394
118.409
118.407
118.419
118.431
 
1024
958.184
958.172
958.184
958.171
958.155
958.157
958.202
958.195
958.176
958.193
 
2048
7652.57
7652.62
4: Async kernel error: the launch timed out and was terminated
0
7652.8
7652.8
7653.02
7652.78
7652.78
7652.82
7652.82
 
