32
0.022656
0.021856
0.022624
0.027264
0.027104
0.029056
0.029024
0.030144
0.027616
0.029952
 
64
0.039296
0.040672
0.038496
0.038816
0.037056
0.036288
0.039104
0.037472
0.036192
0.036224
 
128
0.1432
0.143904
0.143968
0.141984
0.146464
0.149504
0.14464
0.144416
0.142848
0.149408
 
256
1.03581
1.03613
1.03341
1.03501
1.03174
1.03558
1.03389
1.03107
1.0463
1.04739
 
512
8.12
8.13987
8.11933
8.10285
8.13142
8.10413
8.12438
8.1191
8.08378
8.11254
 
1024
64.3702
64.3671
64.3557
64.3618
64.382
64.3815
64.381
64.3706
77.3527
77.3282
 
2048
619.251
530.854
515.737
515.391
515.494
515.414
515.26
515.733
515.787
515.233
 
