32
0.03616
0.03584
0.036064
0.03568
0.036064
0.03664
0.036704
0.035872
0.035872
0.036416
 
64
0.048032
0.048256
0.049184
0.048672
0.04944
0.048384
0.047872
0.047808
0.048096
0.048608
 
128
0.164352
0.163968
0.163872
0.163552
0.164576
0.164544
0.169984
0.165472
0.164064
0.165152
 
256
1.04387
1.04134
1.05187
1.04272
1.04381
1.04003
1.03344
1.03603
1.03526
1.03478
 
512
8.39734
8.39872
8.39962
8.39776
8.40371
8.40176
8.40064
8.39488
8.3967
8.40166
 
1024
68.0096
67.9994
67.9992
67.9864
80.4135
80.4231
80.4082
80.399
80.4026
80.4193
 
2048
624.79
550.519
525.957
526.044
525.982
525.987
525.981
526.012
526.002
526.045
 
