32
0.024544
0.023008
0.020608
0.020128
0.02032
0.021504
0.02304
0.019392
0.021312
0.01952
0.02272
0.025472
0.022816
0.027872
0.02032
0.02112
0.02448
0.021984
0.02688
0.021152
 
64
0.0256
0.033856
0.026688
0.033952
0.02576
0.024256
0.027328
0.02448
0.021408
0.02096
0.021984
0.020608
0.020864
0.02064
0.018976
0.018944
0.020224
0.018496
0.019104
0.01936
 
128
0.02096
0.020864
0.021408
0.024992
0.026272
0.024032
0.029344
0.023328
0.02272
0.023392
0.023584
0.021472
0.024512
0.032352
0.024896
0.023808
0.022528
0.023392
0.023232
0.02672
 
256
0.049056
0.048608
0.048704
0.048704
0.04896
0.048768
0.048832
0.048928
0.048992
0.048928
0.048672
0.048544
0.048608
0.048992
0.048704
0.048512
0.048128
0.049024
0.049056
0.048512
 
512
0.393248
0.385472
0.40128
0.394464
0.391328
0.390656
0.391104
0.390464
0.38672
0.391424
0.390656
0.40144
0.391392
0.390144
0.39056
0.387104
0.394112
0.3904
0.39072
0.39232
 
1024
3.60877
3.47418
3.43606
3.4329
3.46365
3.43507
3.47642
3.44842
3.43376
3.48067
3.47645
3.53866
3.43856
3.43738
3.66659
3.43328
3.43549
3.57558
3.44374
3.43485
 
2048
27.1532
27.199
27.1306
27.1023
27.2395
31.3844
31.5403
32.654
32.0471
32.1556
32.8357
33.526
31.41
31.4105
31.6836
28.6827
28.2634
27.7017
27.771
27.715
 
4096
234.726
234.241
244.485
235.569
232.576
247.246
235.535
236.762
234.021
239.145
240.389
234.624
235.352
235.189
234.897
234.881
236.273
238.044
236.171
240.337
 
8192
2325.48
2280.63
2298.32
2287.74
2293.05
2291.76
2287.66
2281.28
2302.83
2332.67
2339.9
2357.42
2556.96
2618.14
2389.78
2509.05
2333.66
2455.52
2474.5
2628.69
 
