32
0.023424
0.021184
0.021216
0.020608
0.022624
0.0224
0.02688
0.025056
0.024768
0.02112
0.022016
0.022272
0.021024
0.022048
0.022208
0.023264
0.022432
0.022368
0.021152
0.022656
 
64
0.030048
0.028864
0.030048
0.030208
0.028768
0.029728
0.030848
0.031136
0.031008
0.031584
0.032704
0.033056
0.030592
0.030176
0.029632
0.030944
0.029984
0.029824
0.03232
0.029952
 
128
0.075648
0.078816
0.081856
0.079072
0.079008
0.077952
0.07712
0.07648
0.082144
0.078592
0.078144
0.0784
0.079392
0.076768
0.075904
0.074848
0.077088
0.078688
0.076
0.076576
 
256
0.456384
0.454688
0.455904
0.456384
0.463136
0.457632
0.456416
0.457408
0.45856
0.455072
0.456704
0.4584
0.463424
0.456288
0.463328
0.4576
0.456064
0.463488
0.456448
0.459648
 
512
3.51462
3.63366
3.52182
3.64195
3.52458
3.52691
3.52301
3.52131
3.77094
3.52278
3.51824
3.51706
3.64022
3.5295
3.52918
3.90634
3.51866
2.91392
3.1625
3.21488
 
1024
24.2129
23.0251
23.5013
22.5541
22.5402
24.5069
23.9636
24.6404
22.5603
22.5535
22.5277
22.5267
22.5433
22.5149
22.5426
22.5204
22.5215
22.521
22.5333
22.5212
 
2048
187.719
184.192
182.904
192.374
189.701
198.018
186.501
183.025
183.884
184.441
181.731
186.352
183.475
185.229
185.883
182.892
183.07
181.731
202.029
192.763
 
4096
1491.4
1493.39
1553.32
1582.08
1498.11
1499.29
1528.98
1543.62
1518.79
1505.08
1503.84
1503.77
1503.29
1539.68
1511.95
1507.9
1510.24
1508.51
1510.24
1507.38
 
8192
12239.6
12250.3
12314.1
12374.2
12408.2
12422.2
12443.6
12458.8
12471.7
12572.1
12598.3
12552.9
12547.9
12536.5
12539.9
12540.4
12561.9
12552.5
12598.4
12551.4
 
