32
0.0296
0.029344
0.029952
0.029568
0.028
0.027424
0.0264
0.025408
0.030272
0.026336
 
64
0.036384
0.030368
0.034368
0.03056
0.030368
0.029696
0.0312
0.029216
0.026624
0.032576
 
96
0.047712
0.043072
0.046112
0.049248
0.048736
0.046048
0.044192
0.047584
0.045984
0.044
 
128
0.08496
0.07024
0.070272
0.08816
0.080992
0.081472
0.08016
0.077312
0.07696
0.076224
 
160
0.146688
0.138624
0.155648
0.138304
0.135776
0.136128
0.133568
0.130752
0.138496
0.143328
 
192
0.21456
0.214912
0.226176
0.228192
0.225856
0.211136
0.211776
0.20304
0.205952
0.213728
 
224
0.337472
0.332384
0.329152
0.339584
0.330944
0.329888
0.332416
0.337056
0.32912
0.33488
 
256
0.494784
0.489376
0.496416
0.504544
0.50432
0.499552
0.501152
0.500896
0.49568
0.500032
 
288
0.71376
0.712896
0.71072
0.697792
0.69424
0.709792
0.703488
0.703328
0.698432
0.70256
 
320
0.945504
0.95584
0.968256
0.9536
0.960096
0.963232
0.957216
0.940512
0.9624
0.956192
 
352
1.29942
1.29818
1.31139
1.29856
1.30531
1.3281
1.27584
1.30662
1.3111
1.31453
 
384
1.71142
1.6865
1.68838
1.70374
1.7063
1.69491
1.70112
1.69587
1.68579
1.69952
 
416
2.10019
2.1249
2.10595
2.11568
2.11424
2.09696
2.11299
2.10579
2.13757
2.09366
 
448
2.5959
2.6537
2.65533
2.69075
2.68541
2.63853
2.66288
2.6913
2.65485
2.67965
 
480
3.12205
3.12554
3.14922
3.19718
3.15709
3.14269
3.20099
3.20003
3.14755
3.18518
 
512
3.95248
3.98896
3.92413
3.97261
3.9433
3.90515
3.96515
3.94346
3.9016
3.9376
 
544
4.6033
4.64285
4.66099
4.58995
4.59216
4.54333
4.62349
4.5993
4.66845
4.63232
 
576
5.66013
5.6152
5.63728
5.60976
5.64141
5.59882
5.67174
5.64486
5.61446
5.60298
 
608
6.50643
6.64333
6.67853
6.60995
6.64909
6.59002
6.6671
6.56406
6.61997
6.61018
 
640
7.64352
7.52384
7.51581
7.58666
7.62861
7.6087
7.6088
7.64858
7.67155
7.53952
 
672
9.15469
9.22627
9.04429
9.0969
9.08371
9.09968
9.07661
8.96086
9.24726
9.21552
 
704
10.388
10.417
10.4648
10.3651
10.3768
10.3034
10.3993
10.3999
10.313
10.426
 
736
11.7866
12.0279
11.7105
11.7026
11.7907
11.8022
11.8816
11.9242
11.7798
11.9122
 
768
13.5425
13.574
13.697
13.5543
13.4714
13.519
13.7616
13.3822
13.5777
13.4274
 
800
15.5017
15.4632
15.7557
15.5513
15.2963
15.0102
15.3253
15.6596
15.2028
15.4071
 
832
17.3413
17.2408
17.2989
17.3052
17.3179
17.3055
17.2698
17.4016
17.4534
17.1782
 
864
19.3852
19.519
19.3129
19.6724
19.4603
19.6326
19.5004
19.6318
19.5642
19.6194
 
896
22.0893
22.6307
22.1104
21.9818
22.2228
21.9728
22.2414
22.0277
21.9828
22.1647
 
928
24.4954
24.4511
24.517
24.5237
24.6202
24.1838
24.4925
23.9779
24.5697
24.7788
 
960
27.2054
27.369
27.5214
27.4181
27.1069
27.2668
27.9358
26.5739
27.1345
26.97
 
992
29.895
30.3098
30.3191
30.1963
30.15
30.3371
30.147
30.6772
30.217
30.5016
 
1024
33.6659
33.2131
33.5786
33.361
33.3024
33.6739
33.3605
33.6825
33.6446
33.6211
 
1056
37.5797
36.344
36.7972
36.5519
37.3362
36.4495
36.7173
37.5253
37.4211
36.94
 
1088
40.4671
39.7897
40.9614
40.4566
41.0344
40.5675
40.6648
40.7482
40.4309
40.8155
 
1120
43.8451
45.1602
44.166
44.3593
43.7273
44.5083
44.4688
43.2153
44.5534
44.7334
 
1152
47.6789
49.0669
48.9812
49.0538
48.7628
48.3933
47.5818
48.747
49.1423
49.2923
 
1184
52.8683
53.13
53.1324
52.4541
51.2357
53.0599
52.7176
52.7024
52.5595
52.7523
 
1216
56.2107
57.807
57.792
57.7823
56.7526
57.4732
57.7175
57.4828
56.9052
57.7952
 
1248
62.2109
62.7933
62.4953
61.4124
62.019
61.7417
61.5008
62.2097
62.5445
62.145
 
1280
67.4354
66.9292
67.5023
67.3938
67.6673
67.8761
67.4765
68.1163
67.5886
67.9972
 
1312
72.2576
71.9837
72.1095
71.8178
72.1581
71.7222
72.1947
71.4568
72.1424
72.2256
 
1344
75.9267
75.4249
77.178
76.0671
76.101
76.3732
76.3516
76.8824
76.6907
76.8092
 
1376
82.9385
83.1218
83.0228
83.1519
83.3797
82.9418
83.4798
83.35
83.1717
82.7369
 
1408
89.2999
89.2235
88.9769
89.119
88.061
88.5349
88.9845
89.2195
89.0686
89.2486
 
1440
94.979
96.0146
95.8287
96.1433
95.1726
96.0216
95.9667
95.8916
96.0308
95.7523
 
1472
101.851
101.071
102.105
100.915
101.644
99.0489
99.0011
99.3984
98.9891
98.2776
 
1504
105.442
107.027
106.184
106.934
106.472
106.801
106.05
106.666
106.572
106.719
 
1536
113.394
113.342
113.608
112.702
113.099
113.698
112.893
113.568
113.599
113.725
 
1568
121.599
120.704
120.021
121.342
119.47
110.782
112.888
113.579
110.125
113.222
 
1600
114.627
119.55
117.011
118.555
119.111
120.721
118.524
118.801
121.081
119.615
 
1632
126.77
126.461
126.654
125.621
125.618
124.431
125.315
124.969
125.795
126.606
 
1664
138.835
135.053
132.904
139.058
133.854
129.837
133.286
130.435
134.126
136.863
 
1696
142.194
139.92
142.249
142.191
137.166
139.964
141.473
141.892
142.115
140.537
 
1728
147.285
148.546
143.775
143.581
146.176
146.23
142.973
145.938
145.475
142.553
 
1760
153.64
149.868
149.496
151.45
153.219
156.215
154.106
156.055
155.643
152.583
 
1792
161.543
162.631
158.16
160.678
161.925
162.441
161.741
162.124
160.51
160.708
 
1824
172.086
162.812
171.098
165.388
169.999
171.634
172.544
171.465
172.321
165.236
 
1856
180.435
176.827
180.542
180.683
177.423
180.945
180.205
180.137
177.142
181.043
 
1888
193.254
194.704
191.167
194.905
190.584
194.945
190.916
193.929
192.593
183.344
 
1920
200.711
205.473
201.008
205.788
202.293
199.272
203.07
199.995
193.506
203.41
 
1952
208.611
212.024
213.117
210.188
213.324
211.898
211.342
213.604
208.506
213.681
 
1984
220.632
221.52
220.818
221.146
221.087
221.434
220.441
220.252
220.889
220.958
 
2016
239.262
240.589
239.266
240.794
240.735
239.238
240.845
240.661
239.45
239.159
 
2048
237.64
237.033
234.184
237.702
235.49
237.091
237.803
237.159
236.829
237.573
 
2080
267.224
265.408
267.251
265.976
265.738
267.147
267.238
265.603
265.232
265.127
 
2112
263.183
266.144
263.83
265.113
263.369
265.768
265.491
266.181
265.381
264.57
 
2144
270.871
284.797
282.398
285.205
284.373
284.395
277.34
271.128
283.292
282.883
 
2176
295.118
296.032
296.186
292.803
293.169
294.152
296.05
296.473
296.595
296.596
 
2208
303.525
304.091
302.502
301.416
305.924
304.521
303.861
300.665
300.789
306.44
 
2240
323.025
320.171
322.583
321.912
322.444
322.22
316.978
321.263
319.997
320.511
 
2272
352.661
352.135
347.442
350.342
353.081
351.751
345.03
348.94
336.81
350.653
 
2304
346.123
343.567
345.438
345.413
346.089
346.082
344.208
345.885
346.179
343.86
 
2336
362.966
361.722
362.812
361.321
360.624
363.405
358.973
360.876
362.714
360.269
 
2368
380.631
381.436
381.415
381.643
379.784
381.752
381.812
380.47
380.029
381.266
 
2400
387.996
393.299
395.999
396.142
394.39
394.85
394.756
396.215
396.345
395.477
 
2432
410.71
411.261
410.929
411.204
411.04
410.822
409.083
409.742
411.065
410.135
 
2464
424.309
424.998
424.889
424.41
425.559
424.583
423.776
424.206
425.634
424.322
 
2496
445.239
446.166
445.765
445.724
445.65
440.627
445.252
446.047
444.479
445.339
 
2528
457.244
455.953
456.438
456.113
458.148
454.022
454.792
458.256
457.733
455.271
 
2560
487.531
487.07
486.863
486.534
486.823
488.074
486.837
484.052
487.588
486.585
 
2592
494.964
493.174
490.847
495.031
487.625
488.57
494.875
494.405
494.459
492.284
 
2624
515.815
516.443
515.198
515.419
512.569
514.637
514.899
516.254
515.584
515.655
 
2656
552.55
556.699
558.98
554.054
556.961
557.702
557.493
558.702
558.367
554.27
 
2688
564.945
549.057
565.747
551.69
545.871
560.09
537.173
567.088
552.896
568.576
 
2720
579.655
578.642
578.949
578.9
577.468
579.681
577.564
579.36
578.645
579.647
 
2752
596.834
596.288
595.288
596.327
596.541
596.504
596.77
595.985
596.222
596.229
 
2784
611.162
612.018
610.887
611.808
610.196
612.194
611.729
611.944
611.743
612.371
 
2816
627.687
627.335
627.353
626.546
627.492
626.937
626.767
627.072
625.953
626.81
 
2848
657.347
657.2
657.166
655.149
657.406
656.927
654.86
655.246
657.298
655.409
 
2880
686.967
685.813
687.116
686.367
685.839
686.642
685.987
687.195
686.988
686.884
 
2912
699.405
699.689
700.432
700.709
701.239
700.505
700.499
700.323
700.603
701.663
 
2944
725.829
725.447
724.573
723.397
724.983
723.813
723.819
724.199
725.802
724.761
 
2976
750.832
751.505
751.479
750.637
750.211
750.664
750.141
750.869
750.142
751.023
 
3008
773.994
775.006
777.536
774.599
776.669
775.401
774.934
777.7
775.601
774.987
 
3040
840.369
840.853
838.698
840.003
841.742
841.665
841.746
842.423
840.146
840.723
 
3072
822.193
822.236
823.269
821.398
822.232
821.774
821.251
823.364
821.449
821.006
 
3104
863.941
866.155
862.232
863.79
862.031
862.865
862.88
862.595
863.619
861.759
 
3136
889.413
889.065
889.606
888.104
888.356
888.472
888.932
888.835
887.959
889.094
 
3168
910.324
909.631
910.761
909.867
910.541
910.749
909.325
909.839
909.793
910.323
 
3200
941.733
940.158
940.922
941.137
940.767
940.433
942.086
939.104
940.582
940.643
 
3232
963.997
963.147
962.679
965.42
963.732
964.49
962.839
964.489
963.682
963.071
 
3264
994.812
993.241
994.152
995.571
994.464
994.734
993.81
995.83
993.701
994.071
 
3296
1021.43
1021.31
1021.95
1021.6
1021.19
1020.34
1021.38
1022.9
1023.4
1023.28
 
3328
1065.65
1065.76
1064.89
1064.57
1065.43
1064.7
1065.2
1064.63
1064.58
1064.25
 
3360
1095.72
1091.94
1092.39
1096.07
1090.47
1095.71
1094.82
1094.65
1090.48
1094.97
 
3392
1111.9
1111.49
1111.26
1111.21
1111.51
1111.06
1110.85
1110.98
1110.73
1111.21
 
3424
1163.29
1161.89
1162.29
1162.26
1161.33
1160.41
1160.03
1161
1161.25
1161.02
 
3456
1168.98
1168.24
1167.87
1168.68
1168.7
1169.88
1170.58
1174.12
1170.04
1168.44
 
3488
1213.28
1215.19
1220.43
1216.1
1214.28
1217.77
1215.42
1218.33
1214.47
1214.27
 
3520
1263.99
1264.37
1262.76
1264.83
1266
1262.08
1265.32
1262.99
1261.39
1261.86
 
3552
1285.93
1284.54
1285.28
1291.33
1289.68
1294.72
1285.78
1287.75
1284.55
1285.06
 
3584
1297.2
1296.99
1298.86
1298.16
1296.76
1298.34
1298.72
1297.11
1296.98
1298.11
 
3616
1350.45
1354.4
1348.4
1356.09
1356.63
1349.87
1351.67
1349.99
1352.64
1354.34
 
3648
1386.75
1387.46
1386.86
1387.21
1387.57
1386.49
1388.81
1389.5
1386.68
1387.39
 
3680
1440.2
1445.02
1440.12
1444.22
1440.29
1444.4
1440.9
1452.29
1439.65
1441.13
 
3712
1454.16
1453.86
1456.64
1453.66
1453.57
1454.06
1458
1455.46
1455.08
1453.51
 
3744
1498.29
1498.32
1496.46
1494
1495.7
1498.68
1497.63
1494.23
1495.56
1499.74
 
3776
1548.82
1548.91
1543.24
1548.77
1540.31
1545.16
1545.6
1542.7
1545.8
1542.7
 
3808
1605.74
1607.37
1603.3
1601.51
1604.76
1601.71
1601.19
1603.09
1601.92
1604.36
 
3840
1657.08
1663.61
1660.96
1662.35
1658.94
1663.18
1656.55
1658.52
1659.9
1656.05
 
3872
1685.88
1686.57
1686.51
1685.87
1687.24
1687.62
1687.21
1684.78
1686.92
1684.67
 
3904
1717.51
1716.75
1717.77
1720.97
1721.35
1718.67
1719.54
1722.93
1715.88
1722.24
 
3936
1766.34
1764.64
1762.43
1760.38
1760.89
1760.73
1761.72
1760.55
1762.58
1761.36
 
3968
1779.3
1779.61
1779.79
1781.88
1781.36
1781.66
1781.29
1779.18
1779.4
1780.3
 
4000
1848.13
1835.94
1841.84
1837.89
1842.64
1846.14
1838.54
1835.94
1850.09
1846.58
 
4032
2011.38
1998.35
2022.41
1986.32
2001.4
1971.56
2008.35
1998.38
1992.71
1992.75
 
4064
1929.13
1933.06
1943
1934.08
1946.88
1957.11
1953.4
1930.93
1931.58
1946.2
 
4096
1922.34
1928.85
1927.47
1921.5
1924.57
1932.83
1918.64
1926.08
1927.47
1939
 
4128
2009.19
2013.15
2016.48
2026.75
2050
2011.8
2012.01
2009.96
2020.38
2014.35
 
4160
2144.8
2179.35
2177.36
2145.82
2137.03
2190.17
2145.02
2170.97
2211.02
2127.41
 
4192
2145.17
2136.44
2141.56
2131.95
2135.4
2129.34
2127.49
2141.99
2129.2
2132.12
 
4224
2139.17
2138.67
2139.01
2142.45
2136.99
2135.96
2136.96
2139.49
2136.89
2141.35
 
4256
2239.22
2235.18
2241.34
2231.51
2228.65
2224.09
2236.17
2232.69
2250.04
2231.04
 
4288
2295.84
2285.9
2289.88
2285.73
2292.4
2297.58
2290.94
2298.85
2303.31
2288.87
 
4320
2305.07
2303.38
2308.97
2310.49
2302.59
2300.78
2311.22
2301.14
2308.56
2305.55
 
4352
2388.41
2383.13
2388.78
2389.83
2381.17
2388.2
2388.65
2389.83
2381.27
2383.56
 
4384
2386.79
2406.75
2394.06
2384.81
2392.14
2391.41
2391.54
2391.81
2392.05
2387.69
 
4416
2453.93
2451.66
2472.98
2459.17
2455.16
2470.27
2442.09
2457.7
2441.04
2464.93
 
4448
2559.63
2551.41
2558.21
2559.03
2565.19
2562.99
2559.99
2557.68
2552.45
2595.24
 
4480
2586.81
2590.03
2599.83
2585.25
2594.55
2591.6
2586.76
2589.19
2594.32
2597.2
 
4512
2660.85
2651.73
2663.47
2670.02
2657.28
2661.94
2656.51
2652.66
2650.87
2677.71
 
4544
2738.97
2759.17
2736.76
2760.3
2748.35
2755.5
2738.01
2746.52
2744.68
2759.21
 
4576
2795.87
2767.68
2757.48
2766.2
2771.66
2796.97
2779.93
2782.67
2778.66
2759.09
 
4608
2778.34
2777.92
2780.46
2787.89
2786.92
2786.31
2785.37
2779.28
2787.27
2777.62
 
4640
2952.43
2949.44
2953.74
2942.02
2955.1
2963.09
2965.68
2944.89
2978.56
2965.08
 
4672
2950.31
2910.95
2925.94
2917.27
2921.59
2920.31
2906.43
2910.4
2905.79
2938.4
 
4704
3034.38
3020.43
3037.87
3038.44
3045.63
3047.74
3046.96
3044.78
