2
0.01904
0.018528
0.022592
0.020608
0.019296
0.01872
0.018528
0.026912
0.026176
0.022848
 
4
0.023232
0.021024
0.019904
0.01904
0.018432
0.018816
0.026656
0.02208
0.021184
0.020896
 
8
0.02112
0.020864
0.02528
0.023776
0.01904
0.027008
0.021312
0.021504
0.020864
0.022176
 
16
0.028992
0.027584
0.026816
0.03424
0.03104
0.032192
0.030272
0.035616
0.032288
0.034016
 
32
0.080672
0.079456
0.078784
0.08448
0.079552
0.080576
0.085888
0.085664
0.08208
0.089312
 
64
0.482464
0.483872
0.485888
0.481024
0.484736
0.481056
0.47904
0.478464
0.478752
0.47872
 
128
4.7681
4.77152
4.77814
4.77008
4.76678
4.78586
4.78102
4.78582
4.77363
4.78586
 
256
55.2159
55.2123
55.2125
55.1756
55.1771
55.207
55.126
55.2092
55.1761
55.2108
 
512
472.359
472.482
472.267
472.583
472.3
472.348
472.483
472.691
472.351
472.423
 
1024
4703.65
4703.52
4703.52
4703.73
4703.77
4703.59
4703.69
4703.79
4703.48
4703.61
 
