2
0.019968
0.019744
0.01984
0.019552
0.020064
0.020288
0.019552
0.019264
0.0264
0.022784
 
4
0.03184
0.023392
0.022944
0.020416
0.020032
0.02064
0.02768
0.022528
0.028096
0.022624
 
8
0.0256
0.021632
0.02784
0.027136
0.023232
0.024448
0.022112
0.021728
0.023968
0.022656
 
16
0.023072
0.024832
0.04112
0.029728
0.023552
0.036864
0.023776
0.024416
0.023552
0.02448
 
32
0.032768
0.029888
0.029536
0.0288
0.02928
0.032704
0.031168
0.034784
0.028448
0.0296
 
64
0.058176
0.061632
0.0576
0.059456
0.059904
0.063808
0.063296
0.062752
0.060448
0.059264
 
128
0.36192
0.37344
0.371008
0.375616
0.367168
0.37328
0.368768
0.360992
0.375584
0.378656
 
256
3.57069
3.56429
3.55296
3.59472
3.55328
3.5545
3.54733
3.55766
3.56083
3.56941
 
512
29.0188
29.0025
29.0268
29.0347
29.016
29.002
29.0102
29.0153
29.0199
29.0414
 
1024
229.175
229.166
229.131
229.031
229.142
229.244
229.117
229.218
229.146
229.279
 
2048
1854.64
1854.66
1854.6
1854.51
1854.76
1855.49
1855.44
1854.34
1854.71
1854.67
 
