2
0.0224
0.018112
0.018144
0.018784
0.018464
0.018688
0.018368
0.018784
0.018656
0.018016
 
4
0.018336
0.019136
0.022656
0.022144
0.024192
0.021376
0.02192
0.021152
0.019648
0.02576
 
8
0.04192
0.02496
0.023264
0.02864
0.028576
0.023232
0.023328
0.031232
0.031456
0.026816
 
16
0.028928
0.0248
0.03232
0.024288
0.020896
0.02288
0.02096
0.02032
0.02736
0.022496
 
32
0.034528
0.034176
0.041056
0.030848
0.032672
0.027296
0.028448
0.028128
0.027328
0.032224
 
64
0.075456
0.076096
0.07184
0.069728
0.074816
0.070112
0.073568
0.074272
0.06928
0.070752
 
128
0.433056
0.442208
0.425344
0.438688
0.457376
0.438464
0.432992
0.437408
0.446048
0.43696
 
256
4.65894
4.6617
4.65994
4.66202
4.66214
4.65814
4.65578
4.66019
4.66909
4.6624
 
512
40.3609
40.3677
40.3685
40.3653
40.363
40.3616
40.3681
40.3678
40.3639
40.3614
 
1024
326.12
322.669
326.107
326.101
322.949
332.288
322.651
332.205
326.101
326.108
 
2048
2575.9
2573.33
2575.32
2575.5
2575.35
2575.12
2575.67
2575.16
2574.69
2575.13
 
