2
0.024928
0.01936
0.01936
0.01952
0.018816
0.020896
0.019392
0.019136
0.019136
0.0192
 
4
0.019232
0.0208
0.02016
0.021568
0.019968
0.01952
0.02592
0.024832
0.020032
0.02048
 
8
0.0296
0.02816
0.022848
0.025024
0.026752
0.02512
0.022304
0.029504
0.031136
0.022464
 
16
0.02176
0.02352
0.021472
0.026976
0.027904
0.029472
0.02832
0.021504
0.0216
0.021696
 
32
0.027744
0.025856
0.026592
0.038208
0.028384
0.026624
0.026816
0.032704
0.026688
0.03984
 
64
0.05888
0.056192
0.056672
0.056704
0.056544
0.056512
0.06144
0.05744
0.055936
0.05584
 
128
0.311808
0.309696
0.315968
0.329824
0.32864
0.328288
0.330272
0.33136
0.325984
0.327936
 
256
2.78429
2.78464
2.77808
2.78515
2.78768
2.77635
2.78314
2.78227
2.77984
2.78909
 
512
23.2404
23.3177
23.2966
23.2517
23.3653
23.3293
23.2468
23.2892
23.2951
23.1997
 
1024
195.92
195.857
195.924
195.897
195.906
195.921
195.942
195.93
195.924
195.994
 
2048
1383.02
1383.27
1384.28
1383.25
1384.01
1383.76
1382.61
1383.35
1384.5
1382.67
 
