2
0.019168
0.018272
0.018272
0.018208
0.018016
0.017824
0.020032
0.019008
0.019008
0.024896
 
4
0.02448
0.02144
0.018304
0.025632
0.02272
0.019488
0.02576
0.026208
0.027136
0.019136
 
8
0.021312
0.02928
0.03072
0.019872
0.031488
0.023584
0.021344
0.02128
0.01952
0.025632
 
16
0.024512
0.02096
0.020032
0.020192
0.020576
0.0208
0.021408
0.027904
0.028032
0.025312
 
32
0.051584
0.046336
0.044288
0.040704
0.050208
0.04544
0.044352
0.040896
0.041408
0.052928
 
64
0.17856
0.181184
0.175584
0.183488
0.179264
0.178912
0.175136
0.173824
0.185312
0.184096
 
128
1.47939
1.49098
1.47667
1.48886
1.4896
1.47821
1.47414
1.47651
1.47037
1.47328
 
256
17.2008
17.2036
17.2058
17.2009
17.2067
17.2137
17.2111
17.2016
17.2031
17.2019
 
512
151.558
151.628
151.572
151.617
151.554
151.623
151.575
151.543
151.59
151.596
 
1024
1241
1240.99
1240.75
1240.96
1240.98
1240.93
1241.01
1240.92
1240.9
1240.28
 
