2
0.023872
0.585632
0.018368
0.019872
0.019104
0.022048
0.019648
0.020832
0.023904
0.020224
 
4
0.026048
0.02672
0.035328
0.027424
0.02768
0.023296
0.022912
0.021184
0.024608
0.027776
 
8
0.022176
0.022016
0.020096
0.02224
0.026816
0.023936
0.020864
0.022368
0.021312
0.025472
 
16
0.026624
0.03168
0.02656
0.029952
0.026848
0.026368
0.038656
0.02768
2.9209
0.0272
 
32
0.030176
0.009504
0.031456
0.027296
0.030208
0.035456
0.030208
0.026208
0.029248
0.0376
 
64
0.04288
0.042624
0.039776
0.038176
0.042944
0.039616
0.040128
0.0424
0.041792
0.038336
 
128
0.150144
0.154016
0.154048
0.162464
0.155456
0.157056
0.157568
0.152096
0.15472
0.151488
 
256
1.03744
1.036
1.03578
1.03408
1.03862
1.03565
1.03373
1.03386
1.03254
1.03542
 
512
8.3776
8.40845
8.37997
8.38054
8.37056
8.37402
8.38077
8.37997
8.37786
8.3841
 
1024
68.1084
68.0876
68.0653
68.0683
68.0539
80.4662
80.4757
80.4493
80.4771
80.4715
 
2048
602.172
550.263
526.008
526.066
526.081
526.046
525.99
526.063
526.017
526.075
 
4096
4291.13
4291.25
4291.1
4390.89
4291.18
4291.16
4290.92
4291.19
4290.97
4291.04
 
