2
0.037024
0.029248
0.028992
0.028928
0.027552
0.026752
0.02608
0.030688
0.027904
0.029664
 
4
0.029792
0.02672
0.030304
0.031136
0.026464
0.02704
0.037376
0.00656
0.023264
0.023264
 
8
0.028032
0.02432
0.025728
0.024832
0.027968
0.027552
0.024672
0.024512
0.02368
0.024896
 
16
0.046336
0.04512
0.040096
0.041568
0.043808
0.041248
0.044288
0.044
0.044608
0.04
 
32
0.161056
0.164064
0.162048
0.162848
0.160096
0.160096
0.157792
0.164896
0.16368
0.15984
 
64
1.10752
1.10138
1.0999
1.09856
1.09731
1.10557
1.09718
1.09875
1.09744
1.10003
 
128
9.752
9.75325
9.75552
9.75651
9.75062
9.75382
9.75354
9.75082
9.74691
9.74918
 
256
95.2548
95.2468
95.2626
95.2611
95.2027
84.1673
84.1919
84.1774
84.2224
84.1704
 
512
683.278
679.58
678.275
678.065
677.97
679.26
679.878
677.316
679.805
679.734
 
1024
6427.32
6427.43
6427.07
6427.14
6427.44
6427.38
6427.33
6426.98
6427.38
6427.6
 
