2
0.017984
0.017696
0.018368
0.018464
0.017856
0.02112
0.017952
0.017984
0.017568
0.017152
 
4
0.01872
0.018752
0.018592
0.018816
0.018336
0.01968
0.018816
0.019168
0.018976
0.018784
 
8
0.019232
0.01856
0.0192
0.019008
0.019744
0.025312
0.023296
0.026784
0.022368
0.026144
 
16
0.028128
0.028032
0.024032
0.020224
0.019808
0.02032
0.020224
0.031168
0.02016
0.020448
 
32
0.040064
0.038144
0.038048
0.041952
0.045152
0.042112
0.044768
0.046144
0.040992
0.045984
 
64
0.195072
0.190368
0.186144
0.183008
0.184096
0.17872
0.178912
0.177888
0.1776
0.177728
 
128
1.53523
1.42486
1.4273
1.43706
1.42768
1.42493
1.42096
1.42426
1.42509
1.43366
 
256
13.9874
13.9875
13.9871
13.9856
13.9863
13.9875
13.9964
13.9844
13.9864
13.9877
 
512
118.435
118.423
118.429
118.406
118.408
118.419
118.417
118.434
118.431
118.416
 
1024
958.169
958.186
957.905
958.196
958.172
958.21
958.205
958.204
958.214
958.171
 
