2
0.018688
0.023264
0.018176
0.018592
0.017728
0.019104
0.01792
0.02448
0.026496
0.017888
 
4
0.019392
0.019392
0.01904
0.019392
0.02624
0.021504
0.025344
0.026464
0.025408
0.022912
 
8
0.026432
0.026592
0.024384
0.028
0.028
0.02848
0.02384
0.02608
0.025504
0.02384
 
16
0.023328
0.021856
0.01824
0.018208
0.02336
0.02272
0.026496
0.023552
0.0272
0.0344
 
32
0.026656
0.029024
0.028928
0.02624
0.02928
0.029088
0.026432
0.025952
0.023712
0.028576
 
64
0.022624
0.036544
0.035648
0.040064
0.042784
0.03984
0.037408
0.035424
0.035936
0.034912
 
128
0.156288
0.157568
0.155296
0.14784
0.141632
0.1544
0.163776
0.153408
0.158368
0.151968
 
256
1.0369
1.03101
1.03786
1.03248
1.02938
1.03578
1.03149
1.03226
1.03024
1.03466
 
512
8.11085
8.11741
8.11181
8.11034
8.08986
8.09955
8.11018
8.08506
8.11613
8.1153
 
1024
64.3265
64.3273
64.304
64.3243
64.3053
64.3401
69.4977
77.305
77.3312
77.3076
 
2048
591.49
537.768
515.189
515.151
515.268
515.247
515.217
515.176
515.195
515.102
 
4096
4126.3
4125.52
4124.75
4127.84
4128.84
4125.99
4126.15
4124.43
4125.45
4272.98
 
