2
0.018208
0.019168
0.018496
0.018752
0.018624
0.018528
0.018496
0.01936
0.020416
0.02464
 
4
0.021312
0.019872
0.019776
0.029376
0.01872
0.020192
0.019168
0.03392
0.02176
0.018912
 
8
0.022048
0.02
0.021728
0.019488
0.026208
0.026656
0.023104
0.021728
0.025408
0.024224
 
16
0.02736
0.023648
0.027008
0.022656
0.019968
0.019968
0.020672
0.024352
0.020704
0.041408
 
32
0.025568
0.037312
0.02464
0.024608
0.030496
0.030208
0.03088
0.022784
0.022144
0.028704
 
64
0.0544
0.056608
0.055744
0.054048
0.052896
0.049856
0.054048
0.053952
0.056224
0.05024
 
128
0.244768
0.2568
0.255872
0.247488
0.256992
0.263584
0.255648
0.258208
0.264416
0.259968
 
256
2.12704
2.12397
2.12656
2.12714
2.12669
2.12608
2.12838
2.13299
2.12832
2.12579
 
512
17.666
17.7222
17.7286
17.717
17.7272
17.7383
17.7159
17.7212
17.7204
17.721
 
1024
141.367
141.284
141.328
141.378
141.379
141.418
164.568
164.801
164.691
164.871
 
2048
1254.9
1125.85
1125.99
1126.08
1126.1
1125.95
1126.02
1125.94
1125.89
1125.85
 
4096
8931.88
8928.45
8928.55
8927.13
9012.02
8927.92
8930.31
8925.59
8923.3
8924.88
 
